{"/home/travis/build/npmtest/node-npmtest-react-native-web/test.js":{"path":"/home/travis/build/npmtest/node-npmtest-react-native-web/test.js","s":{"1":2,"2":2,"3":2,"4":2,"5":2,"6":2,"7":2,"8":1,"9":2,"10":2,"11":1,"12":1,"13":1,"14":1,"15":2,"16":2,"17":2,"18":2,"19":1,"20":1,"21":2,"22":2,"23":2,"24":1,"25":1,"26":1,"27":1,"28":1,"29":1,"30":1,"31":1,"32":1,"33":1,"34":1,"35":1,"36":1,"37":1,"38":1,"39":2,"40":2,"41":1,"42":2,"43":2,"44":1,"45":2,"46":2,"47":1,"48":2,"49":2,"50":1,"51":1,"52":1,"53":1,"54":1},"b":{"1":[2,1,1,1],"2":[1,1,1,1],"3":[1,1],"4":[1,1],"5":[1,1],"6":[1,1],"7":[1,1],"8":[1,1],"9":[1,1],"10":[1,1,1],"11":[1,1],"12":[1,1],"13":[1,1],"14":[1,1],"15":[1,1],"16":[1,1],"17":[1,1]},"f":{"1":2,"2":2,"3":2,"4":2,"5":2,"6":1,"7":1,"8":1,"9":2,"10":2,"11":2,"12":2,"13":1},"fnMap":{"1":{"name":"(anonymous_1)","line":12,"loc":{"start":{"line":12,"column":1},"end":{"line":12,"column":13}}},"2":{"name":"(anonymous_2)","line":19,"loc":{"start":{"line":19,"column":5},"end":{"line":19,"column":17}}},"3":{"name":"(anonymous_3)","line":23,"loc":{"start":{"line":23,"column":24},"end":{"line":23,"column":36}}},"4":{"name":"(anonymous_4)","line":61,"loc":{"start":{"line":61,"column":5},"end":{"line":61,"column":17}}},"5":{"name":"(anonymous_5)","line":82,"loc":{"start":{"line":82,"column":5},"end":{"line":82,"column":17}}},"6":{"name":"(anonymous_6)","line":91,"loc":{"start":{"line":91,"column":77},"end":{"line":94,"column":10}}},"7":{"name":"(anonymous_7)","line":112,"loc":{"start":{"line":112,"column":83},"end":{"line":115,"column":10}},"skip":true},"8":{"name":"(anonymous_8)","line":123,"loc":{"start":{"line":123,"column":77},"end":{"line":126,"column":10}},"skip":true},"9":{"name":"(anonymous_9)","line":139,"loc":{"start":{"line":139,"column":12},"end":{"line":139,"column":40}},"skip":true},"10":{"name":"(anonymous_10)","line":147,"loc":{"start":{"line":147,"column":77},"end":{"line":150,"column":10}},"skip":true},"11":{"name":"(anonymous_11)","line":158,"loc":{"start":{"line":158,"column":83},"end":{"line":161,"column":10}},"skip":true},"12":{"name":"(anonymous_12)","line":169,"loc":{"start":{"line":169,"column":79},"end":{"line":172,"column":10}},"skip":true},"13":{"name":"(anonymous_13)","line":180,"loc":{"start":{"line":180,"column":75},"end":{"line":183,"column":10}},"skip":true}},"statementMap":{"1":{"start":{"line":12,"column":0},"end":{"line":195,"column":5}},"2":{"start":{"line":14,"column":4},"end":{"line":14,"column":14}},"3":{"start":{"line":19,"column":4},"end":{"line":56,"column":9}},"4":{"start":{"line":21,"column":8},"end":{"line":21,"column":19}},"5":{"start":{"line":23,"column":8},"end":{"line":35,"column":13}},"6":{"start":{"line":24,"column":12},"end":{"line":34,"column":13}},"7":{"start":{"line":25,"column":16},"end":{"line":28,"column":30}},"8":{"start":{"line":30,"column":16},"end":{"line":33,"column":27}},"9":{"start":{"line":37,"column":8},"end":{"line":39,"column":21}},"10":{"start":{"line":40,"column":8},"end":{"line":53,"column":9}},"11":{"start":{"line":43,"column":12},"end":{"line":46,"column":14}},"12":{"start":{"line":47,"column":12},"end":{"line":47,"column":18}},"13":{"start":{"line":50,"column":12},"end":{"line":51,"column":46}},"14":{"start":{"line":52,"column":12},"end":{"line":52,"column":18}},"15":{"start":{"line":55,"column":8},"end":{"line":55,"column":35}},"16":{"start":{"line":61,"column":4},"end":{"line":63,"column":9}},"17":{"start":{"line":62,"column":8},"end":{"line":62,"column":15}},"18":{"start":{"line":64,"column":4},"end":{"line":77,"column":5}},"19":{"start":{"line":70,"column":8},"end":{"line":70,"column":14}},"20":{"start":{"line":76,"column":8},"end":{"line":76,"column":14}},"21":{"start":{"line":82,"column":4},"end":{"line":84,"column":9}},"22":{"start":{"line":83,"column":8},"end":{"line":83,"column":15}},"23":{"start":{"line":85,"column":4},"end":{"line":194,"column":5}},"24":{"start":{"line":91,"column":8},"end":{"line":99,"column":10}},"25":{"start":{"line":98,"column":12},"end":{"line":98,"column":35}},"26":{"start":{"line":102,"column":8},"end":{"line":104,"column":63}},"27":{"start":{"line":105,"column":8},"end":{"line":105,"column":14}},"28":{"start":{"line":112,"column":8},"end":{"line":121,"column":10},"skip":true},"29":{"start":{"line":119,"column":12},"end":{"line":119,"column":55},"skip":true},"30":{"start":{"line":120,"column":12},"end":{"line":120,"column":48},"skip":true},"31":{"start":{"line":123,"column":8},"end":{"line":136,"column":10},"skip":true},"32":{"start":{"line":130,"column":12},"end":{"line":130,"column":76},"skip":true},"33":{"start":{"line":131,"column":12},"end":{"line":131,"column":73},"skip":true},"34":{"start":{"line":132,"column":12},"end":{"line":132,"column":74},"skip":true},"35":{"start":{"line":133,"column":12},"end":{"line":133,"column":79},"skip":true},"36":{"start":{"line":134,"column":12},"end":{"line":134,"column":25},"skip":true},"37":{"start":{"line":135,"column":12},"end":{"line":135,"column":45},"skip":true},"38":{"start":{"line":138,"column":8},"end":{"line":145,"column":14},"skip":true},"39":{"start":{"line":143,"column":16},"end":{"line":143,"column":29},"skip":true},"40":{"start":{"line":144,"column":16},"end":{"line":144,"column":55},"skip":true},"41":{"start":{"line":147,"column":8},"end":{"line":156,"column":10},"skip":true},"42":{"start":{"line":154,"column":12},"end":{"line":154,"column":25},"skip":true},"43":{"start":{"line":155,"column":12},"end":{"line":155,"column":45},"skip":true},"44":{"start":{"line":158,"column":8},"end":{"line":167,"column":10},"skip":true},"45":{"start":{"line":165,"column":12},"end":{"line":165,"column":25},"skip":true},"46":{"start":{"line":166,"column":12},"end":{"line":166,"column":48},"skip":true},"47":{"start":{"line":169,"column":8},"end":{"line":178,"column":10},"skip":true},"48":{"start":{"line":176,"column":12},"end":{"line":176,"column":25},"skip":true},"49":{"start":{"line":177,"column":12},"end":{"line":177,"column":46},"skip":true},"50":{"start":{"line":180,"column":8},"end":{"line":189,"column":10},"skip":true},"51":{"start":{"line":187,"column":12},"end":{"line":187,"column":94},"skip":true},"52":{"start":{"line":188,"column":12},"end":{"line":188,"column":48},"skip":true},"53":{"start":{"line":192,"column":8},"end":{"line":192,"column":35},"skip":true},"54":{"start":{"line":193,"column":8},"end":{"line":193,"column":14},"skip":true}},"branchMap":{"1":{"line":25,"type":"binary-expr","locations":[{"start":{"line":25,"column":23},"end":{"line":25,"column":62}},{"start":{"line":26,"column":20},"end":{"line":26,"column":70}},{"start":{"line":27,"column":20},"end":{"line":27,"column":71}},{"start":{"line":28,"column":20},"end":{"line":28,"column":29}}]},"2":{"line":30,"type":"binary-expr","locations":[{"start":{"line":30,"column":23},"end":{"line":30,"column":37}},{"start":{"line":31,"column":20},"end":{"line":31,"column":61}},{"start":{"line":32,"column":20},"end":{"line":32,"column":70}},{"start":{"line":33,"column":20},"end":{"line":33,"column":26}}]},"3":{"line":37,"type":"cond-expr","locations":[{"start":{"line":38,"column":14},"end":{"line":38,"column":20}},{"start":{"line":39,"column":14},"end":{"line":39,"column":20}}]},"4":{"line":40,"type":"switch","locations":[{"start":{"line":42,"column":8},"end":{"line":47,"column":18}},{"start":{"line":49,"column":8},"end":{"line":52,"column":18}}]},"5":{"line":44,"type":"binary-expr","locations":[{"start":{"line":44,"column":16},"end":{"line":44,"column":44}},{"start":{"line":44,"column":48},"end":{"line":44,"column":66}}]},"6":{"line":50,"type":"binary-expr","locations":[{"start":{"line":50,"column":21},"end":{"line":50,"column":49}},{"start":{"line":50,"column":53},"end":{"line":50,"column":72}}]},"7":{"line":64,"type":"switch","locations":[{"start":{"line":69,"column":4},"end":{"line":70,"column":14}},{"start":{"line":75,"column":4},"end":{"line":76,"column":14}}]},"8":{"line":85,"type":"switch","locations":[{"start":{"line":90,"column":4},"end":{"line":105,"column":14}},{"start":{"line":111,"column":4},"end":{"line":193,"column":14},"skip":true}]},"9":{"line":91,"type":"binary-expr","locations":[{"start":{"line":91,"column":42},"end":{"line":91,"column":73}},{"start":{"line":91,"column":77},"end":{"line":99,"column":9}}]},"10":{"line":102,"type":"binary-expr","locations":[{"start":{"line":102,"column":18},"end":{"line":102,"column":32}},{"start":{"line":103,"column":12},"end":{"line":103,"column":53}},{"start":{"line":104,"column":12},"end":{"line":104,"column":61}}]},"11":{"line":112,"type":"binary-expr","locations":[{"start":{"line":112,"column":45},"end":{"line":112,"column":79},"skip":true},{"start":{"line":112,"column":83},"end":{"line":121,"column":9},"skip":true}]},"12":{"line":123,"type":"binary-expr","locations":[{"start":{"line":123,"column":42},"end":{"line":123,"column":73},"skip":true},{"start":{"line":123,"column":77},"end":{"line":136,"column":9},"skip":true}]},"13":{"line":138,"type":"binary-expr","locations":[{"start":{"line":138,"column":48},"end":{"line":138,"column":85},"skip":true},{"start":{"line":139,"column":12},"end":{"line":145,"column":13},"skip":true}]},"14":{"line":147,"type":"binary-expr","locations":[{"start":{"line":147,"column":42},"end":{"line":147,"column":73},"skip":true},{"start":{"line":147,"column":77},"end":{"line":156,"column":9},"skip":true}]},"15":{"line":158,"type":"binary-expr","locations":[{"start":{"line":158,"column":45},"end":{"line":158,"column":79},"skip":true},{"start":{"line":158,"column":83},"end":{"line":167,"column":9},"skip":true}]},"16":{"line":169,"type":"binary-expr","locations":[{"start":{"line":169,"column":43},"end":{"line":169,"column":75},"skip":true},{"start":{"line":169,"column":79},"end":{"line":178,"column":9},"skip":true}]},"17":{"line":180,"type":"binary-expr","locations":[{"start":{"line":180,"column":41},"end":{"line":180,"column":71},"skip":true},{"start":{"line":180,"column":75},"end":{"line":189,"column":9},"skip":true}]}},"code":["/* istanbul instrument in package npmtest_react_native_web */","/*jslint","    bitwise: true,","    browser: true,","    maxerr: 8,","    maxlen: 96,","    node: true,","    nomen: true,","    regexp: true,","    stupid: true","*/","(function () {","    'use strict';","    var local;","","","","    // run shared js-env code - pre-init","    (function () {","        // init local","        local = {};","        // init modeJs","        local.modeJs = (function () {","            try {","                return typeof navigator.userAgent === 'string' &&","                    typeof document.querySelector('body') === 'object' &&","                    typeof XMLHttpRequest.prototype.open === 'function' &&","                    'browser';","            } catch (errorCaughtBrowser) {","                return module.exports &&","                    typeof process.versions.node === 'string' &&","                    typeof require('http').createServer === 'function' &&","                    'node';","            }","        }());","        // init global","        local.global = local.modeJs === 'browser'","            ? window","            : global;","        switch (local.modeJs) {","        // re-init local from window.local","        case 'browser':","            local = local.global.utility2.objectSetDefault(","                local.global.utility2_rollup || local.global.local,","                local.global.utility2","            );","            break;","        // re-init local from example.js","        case 'node':","            local = (local.global.utility2_rollup || require('utility2'))","                .requireExampleJsFromReadme();","            break;","        }","        // export local","        local.global.local = local;","    }());","","","","    // run shared js-env code - function","    (function () {","        return;","    }());","    switch (local.modeJs) {","","","","    // run browser js-env code - function","    case 'browser':","        break;","","","","    // run node js-env code - function","    case 'node':","        break;","    }","","","","    // run shared js-env code - post-init","    (function () {","        return;","    }());","    switch (local.modeJs) {","","","","    // run browser js-env code - post-init","    case 'browser':","        local.testCase_browser_nullCase = local.testCase_browser_nullCase || function (","            options,","            onError","        ) {","        /*","         * this function will test browsers's null-case handling-behavior-behavior","         */","            onError(null, options);","        };","","        // run tests","        local.nop(local.modeTest &&","            document.querySelector('#testRunButton1') &&","            document.querySelector('#testRunButton1').click());","        break;","","","","    // run node js-env code - post-init","    /* istanbul ignore next */","    case 'node':","        local.testCase_buildApidoc_default = local.testCase_buildApidoc_default || function (","            options,","            onError","        ) {","        /*","         * this function will test buildApidoc's default handling-behavior-behavior","         */","            options = { modulePathList: module.paths };","            local.buildApidoc(options, onError);","        };","","        local.testCase_buildApp_default = local.testCase_buildApp_default || function (","            options,","            onError","        ) {","        /*","         * this function will test buildApp's default handling-behavior-behavior","         */","            local.testCase_buildReadme_default(options, local.onErrorThrow);","            local.testCase_buildLib_default(options, local.onErrorThrow);","            local.testCase_buildTest_default(options, local.onErrorThrow);","            local.testCase_buildCustomOrg_default(options, local.onErrorThrow);","            options = [];","            local.buildApp(options, onError);","        };","","        local.testCase_buildCustomOrg_default = local.testCase_buildCustomOrg_default ||","            function (options, onError) {","            /*","             * this function will test buildCustomOrg's default handling-behavior","             */","                options = {};","                local.buildCustomOrg(options, onError);","            };","","        local.testCase_buildLib_default = local.testCase_buildLib_default || function (","            options,","            onError","        ) {","        /*","         * this function will test buildLib's default handling-behavior","         */","            options = {};","            local.buildLib(options, onError);","        };","","        local.testCase_buildReadme_default = local.testCase_buildReadme_default || function (","            options,","            onError","        ) {","        /*","         * this function will test buildReadme's default handling-behavior-behavior","         */","            options = {};","            local.buildReadme(options, onError);","        };","","        local.testCase_buildTest_default = local.testCase_buildTest_default || function (","            options,","            onError","        ) {","        /*","         * this function will test buildTest's default handling-behavior","         */","            options = {};","            local.buildTest(options, onError);","        };","","        local.testCase_webpage_default = local.testCase_webpage_default || function (","            options,","            onError","        ) {","        /*","         * this function will test webpage's default handling-behavior","         */","            options = { modeCoverageMerge: true, url: local.serverLocalHost + '?modeTest=1' };","            local.browserTest(options, onError);","        };","","        // run test-server","        local.testRunServer(local);","        break;","    }","}());",""],"l":{"12":2,"14":2,"19":2,"21":2,"23":2,"24":2,"25":2,"30":1,"37":2,"40":2,"43":1,"47":1,"50":1,"52":1,"55":2,"61":2,"62":2,"64":2,"70":1,"76":1,"82":2,"83":2,"85":2,"91":1,"98":1,"102":1,"105":1,"112":1,"119":1,"120":1,"123":1,"130":1,"131":1,"132":1,"133":1,"134":1,"135":1,"138":1,"143":2,"144":2,"147":1,"154":2,"155":2,"158":1,"165":2,"166":2,"169":1,"176":2,"177":2,"180":1,"187":1,"188":1,"192":1,"193":1}},"/home/travis/build/npmtest/node-npmtest-react-native-web/lib.npmtest_react_native_web.js":{"path":"/home/travis/build/npmtest/node-npmtest-react-native-web/lib.npmtest_react_native_web.js","s":{"1":2,"2":2,"3":2,"4":2,"5":2,"6":2,"7":2,"8":1,"9":2,"10":2,"11":2,"12":2,"13":1,"14":1,"15":1,"16":1},"b":{"1":[2,1,1,1],"2":[1,1,1,1],"3":[1,1],"4":[2,2],"5":[1,1]},"f":{"1":2,"2":2,"3":2},"fnMap":{"1":{"name":"(anonymous_1)","line":12,"loc":{"start":{"line":12,"column":1},"end":{"line":12,"column":13}}},"2":{"name":"(anonymous_2)","line":19,"loc":{"start":{"line":19,"column":5},"end":{"line":19,"column":17}}},"3":{"name":"(anonymous_3)","line":23,"loc":{"start":{"line":23,"column":24},"end":{"line":23,"column":36}}}},"statementMap":{"1":{"start":{"line":12,"column":0},"end":{"line":53,"column":5}},"2":{"start":{"line":14,"column":4},"end":{"line":14,"column":14}},"3":{"start":{"line":19,"column":4},"end":{"line":52,"column":9}},"4":{"start":{"line":21,"column":8},"end":{"line":21,"column":19}},"5":{"start":{"line":23,"column":8},"end":{"line":35,"column":13}},"6":{"start":{"line":24,"column":12},"end":{"line":34,"column":13}},"7":{"start":{"line":25,"column":16},"end":{"line":28,"column":30}},"8":{"start":{"line":30,"column":16},"end":{"line":33,"column":27}},"9":{"start":{"line":37,"column":8},"end":{"line":39,"column":21}},"10":{"start":{"line":41,"column":8},"end":{"line":41,"column":54}},"11":{"start":{"line":43,"column":8},"end":{"line":43,"column":61}},"12":{"start":{"line":45,"column":8},"end":{"line":51,"column":9}},"13":{"start":{"line":46,"column":12},"end":{"line":46,"column":67}},"14":{"start":{"line":48,"column":12},"end":{"line":48,"column":35}},"15":{"start":{"line":49,"column":12},"end":{"line":49,"column":49}},"16":{"start":{"line":50,"column":12},"end":{"line":50,"column":43}}},"branchMap":{"1":{"line":25,"type":"binary-expr","locations":[{"start":{"line":25,"column":23},"end":{"line":25,"column":62}},{"start":{"line":26,"column":20},"end":{"line":26,"column":70}},{"start":{"line":27,"column":20},"end":{"line":27,"column":71}},{"start":{"line":28,"column":20},"end":{"line":28,"column":29}}]},"2":{"line":30,"type":"binary-expr","locations":[{"start":{"line":30,"column":23},"end":{"line":30,"column":37}},{"start":{"line":31,"column":20},"end":{"line":31,"column":61}},{"start":{"line":32,"column":20},"end":{"line":32,"column":70}},{"start":{"line":33,"column":20},"end":{"line":33,"column":26}}]},"3":{"line":37,"type":"cond-expr","locations":[{"start":{"line":38,"column":14},"end":{"line":38,"column":20}},{"start":{"line":39,"column":14},"end":{"line":39,"column":20}}]},"4":{"line":41,"type":"binary-expr","locations":[{"start":{"line":41,"column":16},"end":{"line":41,"column":44}},{"start":{"line":41,"column":48},"end":{"line":41,"column":53}}]},"5":{"line":45,"type":"if","locations":[{"start":{"line":45,"column":8},"end":{"line":45,"column":8}},{"start":{"line":45,"column":8},"end":{"line":45,"column":8}}]}},"code":["/* istanbul instrument in package npmtest_react_native_web */","/*jslint","    bitwise: true,","    browser: true,","    maxerr: 8,","    maxlen: 96,","    node: true,","    nomen: true,","    regexp: true,","    stupid: true","*/","(function () {","    'use strict';","    var local;","","","","    // run shared js-env code - pre-init","    (function () {","        // init local","        local = {};","        // init modeJs","        local.modeJs = (function () {","            try {","                return typeof navigator.userAgent === 'string' &&","                    typeof document.querySelector('body') === 'object' &&","                    typeof XMLHttpRequest.prototype.open === 'function' &&","                    'browser';","            } catch (errorCaughtBrowser) {","                return module.exports &&","                    typeof process.versions.node === 'string' &&","                    typeof require('http').createServer === 'function' &&","                    'node';","            }","        }());","        // init global","        local.global = local.modeJs === 'browser'","            ? window","            : global;","        // init utility2_rollup","        local = local.global.utility2_rollup || local;","        // init lib","        local.local = local.npmtest_react_native_web = local;","        // init exports","        if (local.modeJs === 'browser') {","            local.global.utility2_npmtest_react_native_web = local;","        } else {","            module.exports = local;","            module.exports.__dirname = __dirname;","            module.exports.module = module;","        }","    }());","}());",""],"l":{"12":2,"14":2,"19":2,"21":2,"23":2,"24":2,"25":2,"30":1,"37":2,"41":2,"43":2,"45":2,"46":1,"48":1,"49":1,"50":1}},"/home/travis/build/npmtest/node-npmtest-react-native-web/example.js":{"path":"/home/travis/build/npmtest/node-npmtest-react-native-web/example.js","s":{"1":2,"2":2,"3":2,"4":2,"5":2,"6":2,"7":2,"8":1,"9":2,"10":2,"11":2,"12":2,"13":1,"14":2,"15":2,"16":2,"17":2,"18":2,"19":0,"20":2,"21":1,"22":1,"23":1,"24":1,"25":1,"26":0,"27":0,"28":1,"29":1,"30":2,"31":0,"32":0,"33":0,"34":1,"35":2,"36":2,"37":3,"38":3,"39":3,"40":3,"41":0,"42":3,"43":3,"44":3,"45":1,"46":3,"47":1,"48":1,"49":1,"50":1,"51":1,"52":1,"53":1,"54":1,"55":1,"56":1,"57":0,"58":1,"59":6,"60":6,"61":1,"62":2,"63":0,"64":2,"65":1,"66":1,"67":0,"68":0,"69":0,"70":0,"71":0,"72":0,"73":0,"74":0,"75":0,"76":0,"77":0,"78":0,"79":0,"80":0,"81":0,"82":0,"83":0},"b":{"1":[2,1,1,1],"2":[1,1,1,1],"3":[1,1],"4":[2,2],"5":[1,1],"6":[1,1],"7":[2,0],"8":[2,1,1,1,1,1],"9":[0,2,0],"10":[1,1],"11":[2,1,1],"12":[1,0],"13":[0,2],"14":[2,0,0,0,0,0,0],"15":[0,3],"16":[3,0],"17":[1,1],"18":[0,1],"19":[1,2,0,2],"20":[1,0],"21":[1,1],"22":[0,0],"23":[0,0],"24":[0,0],"25":[0,0],"26":[0,0],"27":[0,0],"28":[0,0]},"f":{"1":2,"2":2,"3":2,"4":2,"5":2,"6":2,"7":3,"8":3,"9":3,"10":1,"11":6,"12":0},"fnMap":{"1":{"name":"(anonymous_1)","line":26,"loc":{"start":{"line":26,"column":1},"end":{"line":26,"column":13}}},"2":{"name":"(anonymous_2)","line":33,"loc":{"start":{"line":33,"column":5},"end":{"line":33,"column":17}}},"3":{"name":"(anonymous_3)","line":37,"loc":{"start":{"line":37,"column":24},"end":{"line":37,"column":36}}},"4":{"name":"(anonymous_4)","line":69,"loc":{"start":{"line":69,"column":31},"end":{"line":69,"column":48}},"skip":true},"5":{"name":"(anonymous_5)","line":78,"loc":{"start":{"line":78,"column":26},"end":{"line":78,"column":45}},"skip":true},"6":{"name":"(anonymous_6)","line":123,"loc":{"start":{"line":123,"column":33},"end":{"line":123,"column":48}},"skip":true},"7":{"name":"(anonymous_7)","line":125,"loc":{"start":{"line":125,"column":27},"end":{"line":125,"column":39}},"skip":true},"8":{"name":"(anonymous_8)","line":133,"loc":{"start":{"line":133,"column":59},"end":{"line":133,"column":74}},"skip":true},"9":{"name":"(anonymous_9)","line":143,"loc":{"start":{"line":143,"column":45},"end":{"line":143,"column":62}},"skip":true},"10":{"name":"(anonymous_10)","line":144,"loc":{"start":{"line":144,"column":73},"end":{"line":144,"column":92}},"skip":true},"11":{"name":"(anonymous_11)","line":272,"loc":{"start":{"line":272,"column":51},"end":{"line":272,"column":77}},"skip":true},"12":{"name":"(anonymous_12)","line":314,"loc":{"start":{"line":314,"column":32},"end":{"line":314,"column":61}},"skip":true}},"statementMap":{"1":{"start":{"line":26,"column":0},"end":{"line":325,"column":5}},"2":{"start":{"line":28,"column":4},"end":{"line":28,"column":14}},"3":{"start":{"line":33,"column":4},"end":{"line":60,"column":9}},"4":{"start":{"line":35,"column":8},"end":{"line":35,"column":19}},"5":{"start":{"line":37,"column":8},"end":{"line":49,"column":13}},"6":{"start":{"line":38,"column":12},"end":{"line":48,"column":13}},"7":{"start":{"line":39,"column":16},"end":{"line":42,"column":30}},"8":{"start":{"line":44,"column":16},"end":{"line":47,"column":27}},"9":{"start":{"line":51,"column":8},"end":{"line":53,"column":21}},"10":{"start":{"line":55,"column":8},"end":{"line":57,"column":45}},"11":{"start":{"line":59,"column":8},"end":{"line":59,"column":35}},"12":{"start":{"line":61,"column":4},"end":{"line":324,"column":5}},"13":{"start":{"line":69,"column":8},"end":{"line":121,"column":10},"skip":true},"14":{"start":{"line":70,"column":12},"end":{"line":88,"column":13},"skip":true},"15":{"start":{"line":76,"column":16},"end":{"line":87,"column":19},"skip":true},"16":{"start":{"line":79,"column":20},"end":{"line":86,"column":21},"skip":true},"17":{"start":{"line":82,"column":24},"end":{"line":82,"column":43},"skip":true},"18":{"start":{"line":83,"column":24},"end":{"line":83,"column":30},"skip":true},"19":{"start":{"line":85,"column":24},"end":{"line":85,"column":49},"skip":true},"20":{"start":{"line":89,"column":12},"end":{"line":107,"column":13},"skip":true},"21":{"start":{"line":92,"column":16},"end":{"line":102,"column":17},"skip":true},"22":{"start":{"line":93,"column":20},"end":{"line":93,"column":86},"skip":true},"23":{"start":{"line":94,"column":20},"end":{"line":95,"column":45},"skip":true},"24":{"start":{"line":96,"column":20},"end":{"line":96,"column":42},"skip":true},"25":{"start":{"line":97,"column":20},"end":{"line":97,"column":48},"skip":true},"26":{"start":{"line":100,"column":20},"end":{"line":100,"column":85},"skip":true},"27":{"start":{"line":101,"column":20},"end":{"line":101,"column":96},"skip":true},"28":{"start":{"line":103,"column":16},"end":{"line":103,"column":22},"skip":true},"29":{"start":{"line":106,"column":16},"end":{"line":106,"column":22},"skip":true},"30":{"start":{"line":108,"column":12},"end":{"line":120,"column":13},"skip":true},"31":{"start":{"line":114,"column":16},"end":{"line":119,"column":17},"skip":true},"32":{"start":{"line":116,"column":20},"end":{"line":116,"column":78},"skip":true},"33":{"start":{"line":118,"column":20},"end":{"line":118,"column":47},"skip":true},"34":{"start":{"line":123,"column":8},"end":{"line":141,"column":11},"skip":true},"35":{"start":{"line":124,"column":12},"end":{"line":124,"column":54},"skip":true},"36":{"start":{"line":125,"column":12},"end":{"line":140,"column":14},"skip":true},"37":{"start":{"line":126,"column":16},"end":{"line":126,"column":28},"skip":true},"38":{"start":{"line":127,"column":16},"end":{"line":127,"column":69},"skip":true},"39":{"start":{"line":128,"column":16},"end":{"line":128,"column":75},"skip":true},"40":{"start":{"line":129,"column":16},"end":{"line":131,"column":17},"skip":true},"41":{"start":{"line":130,"column":20},"end":{"line":130,"column":27},"skip":true},"42":{"start":{"line":133,"column":16},"end":{"line":137,"column":36},"skip":true},"43":{"start":{"line":134,"column":20},"end":{"line":136,"column":55},"skip":true},"44":{"start":{"line":139,"column":16},"end":{"line":139,"column":57},"skip":true},"45":{"start":{"line":143,"column":8},"end":{"line":147,"column":11},"skip":true},"46":{"start":{"line":144,"column":12},"end":{"line":146,"column":15},"skip":true},"47":{"start":{"line":145,"column":16},"end":{"line":145,"column":70},"skip":true},"48":{"start":{"line":149,"column":8},"end":{"line":149,"column":31},"skip":true},"49":{"start":{"line":150,"column":8},"end":{"line":150,"column":14},"skip":true},"50":{"start":{"line":158,"column":8},"end":{"line":158,"column":31},"skip":true},"51":{"start":{"line":160,"column":8},"end":{"line":160,"column":33},"skip":true},"52":{"start":{"line":161,"column":8},"end":{"line":161,"column":37},"skip":true},"53":{"start":{"line":162,"column":8},"end":{"line":162,"column":35},"skip":true},"54":{"start":{"line":164,"column":8},"end":{"line":164,"column":50},"skip":true},"55":{"start":{"line":166,"column":8},"end":{"line":256,"column":2},"skip":true},"56":{"start":{"line":258,"column":8},"end":{"line":286,"column":9},"skip":true},"57":{"start":{"line":259,"column":12},"end":{"line":269,"column":14},"skip":true},"58":{"start":{"line":271,"column":12},"end":{"line":285,"column":19},"skip":true},"59":{"start":{"line":274,"column":20},"end":{"line":274,"column":35},"skip":true},"60":{"start":{"line":275,"column":20},"end":{"line":284,"column":21},"skip":true},"61":{"start":{"line":277,"column":24},"end":{"line":277,"column":64},"skip":true},"62":{"start":{"line":279,"column":24},"end":{"line":279,"column":40},"skip":true},"63":{"start":{"line":281,"column":24},"end":{"line":281,"column":40},"skip":true},"64":{"start":{"line":283,"column":24},"end":{"line":283,"column":39},"skip":true},"65":{"start":{"line":288,"column":8},"end":{"line":290,"column":9},"skip":true},"66":{"start":{"line":289,"column":12},"end":{"line":289,"column":18},"skip":true},"67":{"start":{"line":291,"column":8},"end":{"line":293,"column":54},"skip":true},"68":{"start":{"line":294,"column":8},"end":{"line":301,"column":37},"skip":true},"69":{"start":{"line":302,"column":8},"end":{"line":302,"column":82},"skip":true},"70":{"start":{"line":305,"column":8},"end":{"line":307,"column":9},"skip":true},"71":{"start":{"line":306,"column":12},"end":{"line":306,"column":82},"skip":true},"72":{"start":{"line":309,"column":8},"end":{"line":311,"column":9},"skip":true},"73":{"start":{"line":310,"column":12},"end":{"line":310,"column":18},"skip":true},"74":{"start":{"line":312,"column":8},"end":{"line":312,"column":54},"skip":true},"75":{"start":{"line":313,"column":8},"end":{"line":313,"column":69},"skip":true},"76":{"start":{"line":314,"column":8},"end":{"line":322,"column":36},"skip":true},"77":{"start":{"line":315,"column":12},"end":{"line":315,"column":61},"skip":true},"78":{"start":{"line":316,"column":12},"end":{"line":319,"column":13},"skip":true},"79":{"start":{"line":317,"column":16},"end":{"line":317,"column":75},"skip":true},"80":{"start":{"line":318,"column":16},"end":{"line":318,"column":23},"skip":true},"81":{"start":{"line":320,"column":12},"end":{"line":320,"column":38},"skip":true},"82":{"start":{"line":321,"column":12},"end":{"line":321,"column":27},"skip":true},"83":{"start":{"line":323,"column":8},"end":{"line":323,"column":14},"skip":true}},"branchMap":{"1":{"line":39,"type":"binary-expr","locations":[{"start":{"line":39,"column":23},"end":{"line":39,"column":62}},{"start":{"line":40,"column":20},"end":{"line":40,"column":70}},{"start":{"line":41,"column":20},"end":{"line":41,"column":71}},{"start":{"line":42,"column":20},"end":{"line":42,"column":29}}]},"2":{"line":44,"type":"binary-expr","locations":[{"start":{"line":44,"column":23},"end":{"line":44,"column":37}},{"start":{"line":45,"column":20},"end":{"line":45,"column":61}},{"start":{"line":46,"column":20},"end":{"line":46,"column":70}},{"start":{"line":47,"column":20},"end":{"line":47,"column":26}}]},"3":{"line":51,"type":"cond-expr","locations":[{"start":{"line":52,"column":14},"end":{"line":52,"column":20}},{"start":{"line":53,"column":14},"end":{"line":53,"column":20}}]},"4":{"line":55,"type":"binary-expr","locations":[{"start":{"line":55,"column":16},"end":{"line":55,"column":44}},{"start":{"line":55,"column":49},"end":{"line":57,"column":43}}]},"5":{"line":55,"type":"cond-expr","locations":[{"start":{"line":56,"column":14},"end":{"line":56,"column":60}},{"start":{"line":57,"column":14},"end":{"line":57,"column":43}}]},"6":{"line":61,"type":"switch","locations":[{"start":{"line":68,"column":4},"end":{"line":150,"column":14},"skip":true},{"start":{"line":156,"column":4},"end":{"line":323,"column":14},"skip":true}]},"7":{"line":70,"type":"if","locations":[{"start":{"line":70,"column":12},"end":{"line":70,"column":12},"skip":true},{"start":{"line":70,"column":12},"end":{"line":70,"column":12},"skip":true}]},"8":{"line":70,"type":"binary-expr","locations":[{"start":{"line":70,"column":16},"end":{"line":70,"column":22},"skip":true},{"start":{"line":70,"column":27},"end":{"line":70,"column":32},"skip":true},{"start":{"line":71,"column":20},"end":{"line":71,"column":39},"skip":true},{"start":{"line":72,"column":20},"end":{"line":72,"column":49},"skip":true},{"start":{"line":73,"column":20},"end":{"line":73,"column":58},"skip":true},{"start":{"line":74,"column":20},"end":{"line":74,"column":69},"skip":true}]},"9":{"line":79,"type":"switch","locations":[{"start":{"line":80,"column":20},"end":{"line":80,"column":33},"skip":true},{"start":{"line":81,"column":20},"end":{"line":83,"column":30},"skip":true},{"start":{"line":84,"column":20},"end":{"line":85,"column":49},"skip":true}]},"10":{"line":89,"type":"switch","locations":[{"start":{"line":90,"column":12},"end":{"line":103,"column":22},"skip":true},{"start":{"line":105,"column":12},"end":{"line":106,"column":22},"skip":true}]},"11":{"line":89,"type":"binary-expr","locations":[{"start":{"line":89,"column":20},"end":{"line":89,"column":25},"skip":true},{"start":{"line":89,"column":29},"end":{"line":89,"column":48},"skip":true},{"start":{"line":89,"column":52},"end":{"line":89,"column":74},"skip":true}]},"12":{"line":92,"type":"if","locations":[{"start":{"line":92,"column":16},"end":{"line":92,"column":16},"skip":true},{"start":{"line":92,"column":16},"end":{"line":92,"column":16},"skip":true}]},"13":{"line":108,"type":"if","locations":[{"start":{"line":108,"column":12},"end":{"line":108,"column":12},"skip":true},{"start":{"line":108,"column":12},"end":{"line":108,"column":12},"skip":true}]},"14":{"line":108,"type":"binary-expr","locations":[{"start":{"line":108,"column":16},"end":{"line":108,"column":61},"skip":true},{"start":{"line":108,"column":66},"end":{"line":108,"column":72},"skip":true},{"start":{"line":108,"column":77},"end":{"line":108,"column":82},"skip":true},{"start":{"line":109,"column":20},"end":{"line":109,"column":39},"skip":true},{"start":{"line":110,"column":20},"end":{"line":110,"column":49},"skip":true},{"start":{"line":111,"column":20},"end":{"line":111,"column":58},"skip":true},{"start":{"line":112,"column":20},"end":{"line":112,"column":68},"skip":true}]},"15":{"line":129,"type":"if","locations":[{"start":{"line":129,"column":16},"end":{"line":129,"column":16},"skip":true},{"start":{"line":129,"column":16},"end":{"line":129,"column":16},"skip":true}]},"16":{"line":134,"type":"cond-expr","locations":[{"start":{"line":135,"column":26},"end":{"line":135,"column":29},"skip":true},{"start":{"line":136,"column":26},"end":{"line":136,"column":54},"skip":true}]},"17":{"line":164,"type":"binary-expr","locations":[{"start":{"line":164,"column":27},"end":{"line":164,"column":43},"skip":true},{"start":{"line":164,"column":47},"end":{"line":164,"column":49},"skip":true}]},"18":{"line":258,"type":"if","locations":[{"start":{"line":258,"column":8},"end":{"line":258,"column":8},"skip":true},{"start":{"line":258,"column":8},"end":{"line":258,"column":8},"skip":true}]},"19":{"line":275,"type":"switch","locations":[{"start":{"line":276,"column":20},"end":{"line":277,"column":64},"skip":true},{"start":{"line":278,"column":20},"end":{"line":279,"column":40},"skip":true},{"start":{"line":280,"column":20},"end":{"line":281,"column":40},"skip":true},{"start":{"line":282,"column":20},"end":{"line":283,"column":39},"skip":true}]},"20":{"line":288,"type":"if","locations":[{"start":{"line":288,"column":8},"end":{"line":288,"column":8},"skip":true},{"start":{"line":288,"column":8},"end":{"line":288,"column":8},"skip":true}]},"21":{"line":288,"type":"binary-expr","locations":[{"start":{"line":288,"column":12},"end":{"line":288,"column":40},"skip":true},{"start":{"line":288,"column":44},"end":{"line":288,"column":67},"skip":true}]},"22":{"line":292,"type":"binary-expr","locations":[{"start":{"line":292,"column":12},"end":{"line":292,"column":50},"skip":true},{"start":{"line":293,"column":12},"end":{"line":293,"column":53},"skip":true}]},"23":{"line":295,"type":"binary-expr","locations":[{"start":{"line":295,"column":12},"end":{"line":295,"column":74},"skip":true},{"start":{"line":296,"column":12},"end":{"line":301,"column":36},"skip":true}]},"24":{"line":302,"type":"binary-expr","locations":[{"start":{"line":302,"column":43},"end":{"line":302,"column":75},"skip":true},{"start":{"line":302,"column":79},"end":{"line":302,"column":81},"skip":true}]},"25":{"line":305,"type":"if","locations":[{"start":{"line":305,"column":8},"end":{"line":305,"column":8},"skip":true},{"start":{"line":305,"column":8},"end":{"line":305,"column":8},"skip":true}]},"26":{"line":309,"type":"if","locations":[{"start":{"line":309,"column":8},"end":{"line":309,"column":8},"skip":true},{"start":{"line":309,"column":8},"end":{"line":309,"column":8},"skip":true}]},"27":{"line":312,"type":"binary-expr","locations":[{"start":{"line":312,"column":27},"end":{"line":312,"column":43},"skip":true},{"start":{"line":312,"column":47},"end":{"line":312,"column":53},"skip":true}]},"28":{"line":316,"type":"if","locations":[{"start":{"line":316,"column":12},"end":{"line":316,"column":12},"skip":true},{"start":{"line":316,"column":12},"end":{"line":316,"column":12},"skip":true}]}},"code":["/*","example.js","","quickstart example","","instruction","    1. save this script as example.js","    2. run the shell command:","        $ npm install npmtest-react-native-web && PORT=8081 node example.js","    3. play with the browser-demo on http://127.0.0.1:8081","*/","","","","/* istanbul instrument in package npmtest_react_native_web */","/*jslint","    bitwise: true,","    browser: true,","    maxerr: 8,","    maxlen: 96,","    node: true,","    nomen: true,","    regexp: true,","    stupid: true","*/","(function () {","    'use strict';","    var local;","","","","    // run shared js-env code - pre-init","    (function () {","        // init local","        local = {};","        // init modeJs","        local.modeJs = (function () {","            try {","                return typeof navigator.userAgent === 'string' &&","                    typeof document.querySelector('body') === 'object' &&","                    typeof XMLHttpRequest.prototype.open === 'function' &&","                    'browser';","            } catch (errorCaughtBrowser) {","                return module.exports &&","                    typeof process.versions.node === 'string' &&","                    typeof require('http').createServer === 'function' &&","                    'node';","            }","        }());","        // init global","        local.global = local.modeJs === 'browser'","            ? window","            : global;","        // init utility2_rollup","        local = local.global.utility2_rollup || (local.modeJs === 'browser'","            ? local.global.utility2_npmtest_react_native_web","            : global.utility2_moduleExports);","        // export local","        local.global.local = local;","    }());","    switch (local.modeJs) {","","","","    // post-init","    // run browser js-env code - post-init","    /* istanbul ignore next */","    case 'browser':","        local.testRunBrowser = function (event) {","            if (!event || (event &&","                    event.currentTarget &&","                    event.currentTarget.className &&","                    event.currentTarget.className.includes &&","                    event.currentTarget.className.includes('onreset'))) {","                // reset output","                Array.from(","                    document.querySelectorAll('body > .resettable')","                ).forEach(function (element) {","                    switch (element.tagName) {","                    case 'INPUT':","                    case 'TEXTAREA':","                        element.value = '';","                        break;","                    default:","                        element.textContent = '';","                    }","                });","            }","            switch (event && event.currentTarget && event.currentTarget.id) {","            case 'testRunButton1':","                // show tests","                if (document.querySelector('#testReportDiv1').style.display === 'none') {","                    document.querySelector('#testReportDiv1').style.display = 'block';","                    document.querySelector('#testRunButton1').textContent =","                        'hide internal test';","                    local.modeTest = true;","                    local.testRunDefault(local);","                // hide tests","                } else {","                    document.querySelector('#testReportDiv1').style.display = 'none';","                    document.querySelector('#testRunButton1').textContent = 'run internal test';","                }","                break;","            // custom-case","            default:","                break;","            }","            if (document.querySelector('#inputTextareaEval1') && (!event || (event &&","                    event.currentTarget &&","                    event.currentTarget.className &&","                    event.currentTarget.className.includes &&","                    event.currentTarget.className.includes('oneval')))) {","                // try to eval input-code","                try {","                    /*jslint evil: true*/","                    eval(document.querySelector('#inputTextareaEval1').value);","                } catch (errorCaught) {","                    console.error(errorCaught);","                }","            }","        };","        // log stderr and stdout to #outputTextareaStdout1","        ['error', 'log'].forEach(function (key) {","            console[key + '_original'] = console[key];","            console[key] = function () {","                var element;","                console[key + '_original'].apply(console, arguments);","                element = document.querySelector('#outputTextareaStdout1');","                if (!element) {","                    return;","                }","                // append text to #outputTextareaStdout1","                element.value += Array.from(arguments).map(function (arg) {","                    return typeof arg === 'string'","                        ? arg","                        : JSON.stringify(arg, null, 4);","                }).join(' ') + '\\n';","                // scroll textarea to bottom","                element.scrollTop = element.scrollHeight;","            };","        });","        // init event-handling","        ['change', 'click', 'keyup'].forEach(function (event) {","            Array.from(document.querySelectorAll('.on' + event)).forEach(function (element) {","                element.addEventListener(event, local.testRunBrowser);","            });","        });","        // run tests","        local.testRunBrowser();","        break;","","","","    // run node js-env code - post-init","    /* istanbul ignore next */","    case 'node':","        // export local","        module.exports = local;","        // require modules","        local.fs = require('fs');","        local.http = require('http');","        local.url = require('url');","        // init assets","        local.assetsDict = local.assetsDict || {};","        /* jslint-ignore-begin */","        local.assetsDict['/assets.index.template.html'] = '\\","<!doctype html>\\n\\","<html lang=\"en\">\\n\\","<head>\\n\\","<meta charset=\"UTF-8\">\\n\\","<meta name=\"viewport\" content=\"width=device-width, initial-scale=1\">\\n\\","<title>{{env.npm_package_name}} (v{{env.npm_package_version}})</title>\\n\\","<style>\\n\\","/*csslint\\n\\","    box-sizing: false,\\n\\","    universal-selector: false\\n\\","*/\\n\\","* {\\n\\","    box-sizing: border-box;\\n\\","}\\n\\","body {\\n\\","    background: #dde;\\n\\","    font-family: Arial, Helvetica, sans-serif;\\n\\","    margin: 2rem;\\n\\","}\\n\\","body > * {\\n\\","    margin-bottom: 1rem;\\n\\","}\\n\\",".utility2FooterDiv {\\n\\","    margin-top: 20px;\\n\\","    text-align: center;\\n\\","}\\n\\","</style>\\n\\","<style>\\n\\","/*csslint\\n\\","*/\\n\\","textarea {\\n\\","    font-family: monospace;\\n\\","    height: 10rem;\\n\\","    width: 100%;\\n\\","}\\n\\","textarea[readonly] {\\n\\","    background: #ddd;\\n\\","}\\n\\","</style>\\n\\","</head>\\n\\","<body>\\n\\","<!-- utility2-comment\\n\\","<div id=\"ajaxProgressDiv1\" style=\"background: #d00; height: 2px; left: 0; margin: 0; padding: 0; position: fixed; top: 0; transition: background 0.5s, width 1.5s; width: 25%;\"></div>\\n\\","utility2-comment -->\\n\\","<h1>\\n\\","<!-- utility2-comment\\n\\","    <a\\n\\","        {{#if env.npm_package_homepage}}\\n\\","        href=\"{{env.npm_package_homepage}}\"\\n\\","        {{/if env.npm_package_homepage}}\\n\\","        target=\"_blank\"\\n\\","    >\\n\\","utility2-comment -->\\n\\","        {{env.npm_package_name}} (v{{env.npm_package_version}})\\n\\","<!-- utility2-comment\\n\\","    </a>\\n\\","utility2-comment -->\\n\\","</h1>\\n\\","<h3>{{env.npm_package_description}}</h3>\\n\\","<!-- utility2-comment\\n\\","<h4><a download href=\"assets.app.js\">download standalone app</a></h4>\\n\\","<button class=\"onclick onreset\" id=\"testRunButton1\">run internal test</button><br>\\n\\","<div id=\"testReportDiv1\" style=\"display: none;\"></div>\\n\\","utility2-comment -->\\n\\","\\n\\","\\n\\","\\n\\","<label>stderr and stdout</label>\\n\\","<textarea class=\"resettable\" id=\"outputTextareaStdout1\" readonly></textarea>\\n\\","<!-- utility2-comment\\n\\","{{#if isRollup}}\\n\\","<script src=\"assets.app.js\"></script>\\n\\","{{#unless isRollup}}\\n\\","utility2-comment -->\\n\\","<script src=\"assets.utility2.rollup.js\"></script>\\n\\","<script src=\"jsonp.utility2._stateInit?callback=window.utility2._stateInit\"></script>\\n\\","<script src=\"assets.npmtest_react_native_web.rollup.js\"></script>\\n\\","<script src=\"assets.example.js\"></script>\\n\\","<script src=\"assets.test.js\"></script>\\n\\","<!-- utility2-comment\\n\\","{{/if isRollup}}\\n\\","utility2-comment -->\\n\\","<div class=\"utility2FooterDiv\">\\n\\","    [ this app was created with\\n\\","    <a href=\"https://github.com/kaizhu256/node-utility2\" target=\"_blank\">utility2</a>\\n\\","    ]\\n\\","</div>\\n\\","</body>\\n\\","</html>\\n\\","';","        /* jslint-ignore-end */","        if (local.templateRender) {","            local.assetsDict['/'] = local.templateRender(","                local.assetsDict['/assets.index.template.html'],","                {","                    env: local.objectSetDefault(local.env, {","                        npm_package_description: 'the greatest app in the world!',","                        npm_package_name: 'my-app',","                        npm_package_nameAlias: 'my_app',","                        npm_package_version: '0.0.1'","                    })","                }","            );","        } else {","            local.assetsDict['/'] = local.assetsDict['/assets.index.template.html']","                .replace((/\\{\\{env\\.(\\w+?)\\}\\}/g), function (match0, match1) {","                    // jslint-hack","                    String(match0);","                    switch (match1) {","                    case 'npm_package_description':","                        return 'the greatest app in the world!';","                    case 'npm_package_name':","                        return 'my-app';","                    case 'npm_package_nameAlias':","                        return 'my_app';","                    case 'npm_package_version':","                        return '0.0.1';","                    }","                });","        }","        // run the cli","        if (local.global.utility2_rollup || module !== require.main) {","            break;","        }","        local.assetsDict['/assets.example.js'] =","            local.assetsDict['/assets.example.js'] ||","            local.fs.readFileSync(__filename, 'utf8');","        local.assetsDict['/assets.npmtest_react_native_web.rollup.js'] =","            local.assetsDict['/assets.npmtest_react_native_web.rollup.js'] ||","            local.fs.readFileSync(","                // buildCustomOrg-hack","                local.npmtest_react_native_web.__dirname +","                    '/lib.npmtest_react_native_web.js',","                'utf8'","            ).replace((/^#!/), '//');","        local.assetsDict['/favicon.ico'] = local.assetsDict['/favicon.ico'] || '';","        // if $npm_config_timeout_exit exists,","        // then exit this process after $npm_config_timeout_exit ms","        if (Number(process.env.npm_config_timeout_exit)) {","            setTimeout(process.exit, Number(process.env.npm_config_timeout_exit));","        }","        // start server","        if (local.global.utility2_serverHttp1) {","            break;","        }","        process.env.PORT = process.env.PORT || '8081';","        console.error('server starting on port ' + process.env.PORT);","        local.http.createServer(function (request, response) {","            request.urlParsed = local.url.parse(request.url);","            if (local.assetsDict[request.urlParsed.pathname] !== undefined) {","                response.end(local.assetsDict[request.urlParsed.pathname]);","                return;","            }","            response.statusCode = 404;","            response.end();","        }).listen(process.env.PORT);","        break;","    }","}());",""],"l":{"26":2,"28":2,"33":2,"35":2,"37":2,"38":2,"39":2,"44":1,"51":2,"55":2,"59":2,"61":2,"69":1,"70":2,"76":2,"79":2,"82":2,"83":2,"85":1,"89":2,"92":1,"93":1,"94":1,"96":1,"97":1,"100":1,"101":1,"103":1,"106":1,"108":2,"114":1,"116":1,"118":1,"123":1,"124":2,"125":2,"126":3,"127":3,"128":3,"129":3,"130":1,"133":3,"134":3,"139":3,"143":1,"144":3,"145":1,"149":1,"150":1,"158":1,"160":1,"161":1,"162":1,"164":1,"166":1,"258":1,"259":1,"271":1,"274":6,"275":6,"277":1,"279":2,"281":1,"283":2,"288":1,"289":1,"291":1,"294":1,"302":1,"305":1,"306":1,"309":1,"310":1,"312":1,"313":1,"314":1,"315":1,"316":1,"317":1,"318":1,"320":1,"321":1,"323":1}},"/home/travis/build/npmtest/node-npmtest-react-native-web/node_modules/react-native-web/dist/index.js":{"path":"/home/travis/build/npmtest/node-npmtest-react-native-web/node_modules/react-native-web/dist/index.js","s":{"1":1,"2":1,"3":1,"4":1,"5":1,"6":1,"7":1,"8":1,"9":1,"10":1,"11":1,"12":1,"13":1,"14":1,"15":1,"16":1,"17":1,"18":1,"19":1,"20":1,"21":1,"22":1,"23":1,"24":1,"25":1,"26":1,"27":1,"28":1,"29":1,"30":1,"31":1,"32":1,"33":1,"34":1,"35":1,"36":1,"37":1,"38":1,"39":1,"40":1,"41":1,"42":1,"43":1,"44":1,"45":1,"46":1,"47":1,"48":1,"49":1,"50":1,"51":1,"52":1,"53":1,"54":1,"55":1,"56":1,"57":1,"58":1,"59":1,"60":1,"61":1,"62":1,"63":1,"64":1,"65":1,"66":1,"67":1,"68":1,"69":1,"70":1,"71":1,"72":1,"73":1,"74":1,"75":1,"76":1,"77":1,"78":1,"79":1,"80":1,"81":1,"82":1,"83":1,"84":1,"85":41,"86":1,"87":1,"88":1},"b":{"1":[2,39],"2":[41,41]},"f":{"1":41},"fnMap":{"1":{"name":"_interopRequireDefault","line":48,"loc":{"start":{"line":48,"column":121},"end":{"line":48,"column":157}}}},"statementMap":{"1":{"start":{"line":1,"column":0},"end":{"line":1,"column":60}},"2":{"start":{"line":1,"column":60},"end":{"line":1,"column":125}},"3":{"start":{"line":2,"column":0},"end":{"line":2,"column":56}},"4":{"start":{"line":2,"column":56},"end":{"line":2,"column":117}},"5":{"start":{"line":3,"column":0},"end":{"line":3,"column":44}},"6":{"start":{"line":3,"column":44},"end":{"line":3,"column":93}},"7":{"start":{"line":4,"column":0},"end":{"line":4,"column":54}},"8":{"start":{"line":4,"column":54},"end":{"line":4,"column":113}},"9":{"start":{"line":5,"column":0},"end":{"line":5,"column":52}},"10":{"start":{"line":5,"column":52},"end":{"line":5,"column":109}},"11":{"start":{"line":6,"column":0},"end":{"line":6,"column":35}},"12":{"start":{"line":9,"column":0},"end":{"line":9,"column":41}},"13":{"start":{"line":9,"column":41},"end":{"line":9,"column":90}},"14":{"start":{"line":10,"column":0},"end":{"line":10,"column":47}},"15":{"start":{"line":10,"column":47},"end":{"line":10,"column":102}},"16":{"start":{"line":11,"column":0},"end":{"line":11,"column":41}},"17":{"start":{"line":11,"column":41},"end":{"line":11,"column":90}},"18":{"start":{"line":12,"column":0},"end":{"line":12,"column":49}},"19":{"start":{"line":12,"column":49},"end":{"line":12,"column":106}},"20":{"start":{"line":13,"column":0},"end":{"line":13,"column":47}},"21":{"start":{"line":13,"column":47},"end":{"line":13,"column":102}},"22":{"start":{"line":14,"column":0},"end":{"line":14,"column":43}},"23":{"start":{"line":14,"column":43},"end":{"line":14,"column":94}},"24":{"start":{"line":15,"column":0},"end":{"line":15,"column":45}},"25":{"start":{"line":15,"column":45},"end":{"line":15,"column":98}},"26":{"start":{"line":16,"column":0},"end":{"line":16,"column":43}},"27":{"start":{"line":16,"column":43},"end":{"line":16,"column":88}},"28":{"start":{"line":17,"column":0},"end":{"line":17,"column":47}},"29":{"start":{"line":17,"column":47},"end":{"line":17,"column":102}},"30":{"start":{"line":18,"column":0},"end":{"line":18,"column":61}},"31":{"start":{"line":18,"column":61},"end":{"line":18,"column":130}},"32":{"start":{"line":19,"column":0},"end":{"line":19,"column":39}},"33":{"start":{"line":19,"column":39},"end":{"line":19,"column":86}},"34":{"start":{"line":20,"column":0},"end":{"line":20,"column":39}},"35":{"start":{"line":20,"column":39},"end":{"line":20,"column":86}},"36":{"start":{"line":21,"column":0},"end":{"line":21,"column":49}},"37":{"start":{"line":21,"column":49},"end":{"line":21,"column":106}},"38":{"start":{"line":22,"column":0},"end":{"line":22,"column":45}},"39":{"start":{"line":22,"column":45},"end":{"line":22,"column":98}},"40":{"start":{"line":23,"column":0},"end":{"line":23,"column":41}},"41":{"start":{"line":23,"column":41},"end":{"line":23,"column":90}},"42":{"start":{"line":24,"column":0},"end":{"line":24,"column":45}},"43":{"start":{"line":24,"column":45},"end":{"line":24,"column":98}},"44":{"start":{"line":25,"column":0},"end":{"line":25,"column":43}},"45":{"start":{"line":25,"column":43},"end":{"line":25,"column":94}},"46":{"start":{"line":26,"column":0},"end":{"line":26,"column":43}},"47":{"start":{"line":26,"column":43},"end":{"line":26,"column":94}},"48":{"start":{"line":29,"column":0},"end":{"line":29,"column":65}},"49":{"start":{"line":29,"column":65},"end":{"line":29,"column":132}},"50":{"start":{"line":30,"column":0},"end":{"line":30,"column":43}},"51":{"start":{"line":30,"column":43},"end":{"line":30,"column":88}},"52":{"start":{"line":31,"column":0},"end":{"line":31,"column":41}},"53":{"start":{"line":31,"column":41},"end":{"line":31,"column":84}},"54":{"start":{"line":32,"column":0},"end":{"line":32,"column":47}},"55":{"start":{"line":32,"column":47},"end":{"line":32,"column":96}},"56":{"start":{"line":33,"column":0},"end":{"line":33,"column":53}},"57":{"start":{"line":33,"column":53},"end":{"line":33,"column":108}},"58":{"start":{"line":34,"column":0},"end":{"line":34,"column":51}},"59":{"start":{"line":34,"column":51},"end":{"line":34,"column":104}},"60":{"start":{"line":35,"column":0},"end":{"line":35,"column":43}},"61":{"start":{"line":35,"column":43},"end":{"line":35,"column":88}},"62":{"start":{"line":36,"column":0},"end":{"line":36,"column":39}},"63":{"start":{"line":36,"column":39},"end":{"line":36,"column":80}},"64":{"start":{"line":37,"column":0},"end":{"line":37,"column":49}},"65":{"start":{"line":37,"column":49},"end":{"line":37,"column":100}},"66":{"start":{"line":38,"column":0},"end":{"line":38,"column":59}},"67":{"start":{"line":38,"column":59},"end":{"line":38,"column":110}},"68":{"start":{"line":39,"column":0},"end":{"line":39,"column":77}},"69":{"start":{"line":39,"column":77},"end":{"line":39,"column":146}},"70":{"start":{"line":40,"column":0},"end":{"line":40,"column":73}},"71":{"start":{"line":40,"column":73},"end":{"line":40,"column":138}},"72":{"start":{"line":41,"column":0},"end":{"line":41,"column":89}},"73":{"start":{"line":41,"column":89},"end":{"line":41,"column":170}},"74":{"start":{"line":42,"column":0},"end":{"line":42,"column":39}},"75":{"start":{"line":42,"column":39},"end":{"line":42,"column":80}},"76":{"start":{"line":45,"column":0},"end":{"line":45,"column":56}},"77":{"start":{"line":45,"column":56},"end":{"line":45,"column":115}},"78":{"start":{"line":46,"column":0},"end":{"line":46,"column":66}},"79":{"start":{"line":46,"column":66},"end":{"line":46,"column":135}},"80":{"start":{"line":47,"column":0},"end":{"line":47,"column":56}},"81":{"start":{"line":47,"column":56},"end":{"line":47,"column":115}},"82":{"start":{"line":48,"column":0},"end":{"line":48,"column":62}},"83":{"start":{"line":48,"column":62},"end":{"line":48,"column":121}},"84":{"start":{"line":48,"column":121},"end":{"line":48,"column":204}},"85":{"start":{"line":48,"column":158},"end":{"line":48,"column":203}},"86":{"start":{"line":50,"column":0},"end":{"line":50,"column":25}},"87":{"start":{"line":52,"column":0},"end":{"line":103,"column":39}},"88":{"start":{"line":106,"column":0},"end":{"line":106,"column":27}}},"branchMap":{"1":{"line":48,"type":"cond-expr","locations":[{"start":{"line":48,"column":185},"end":{"line":48,"column":188}},{"start":{"line":48,"column":189},"end":{"line":48,"column":202}}]},"2":{"line":48,"type":"binary-expr","locations":[{"start":{"line":48,"column":165},"end":{"line":48,"column":168}},{"start":{"line":48,"column":170},"end":{"line":48,"column":184}}]}},"code":["var _createDOMElement=require('./modules/createDOMElement');var _createDOMElement2=_interopRequireDefault(_createDOMElement);","var _findNodeHandle=require('./modules/findNodeHandle');var _findNodeHandle2=_interopRequireDefault(_findNodeHandle);","var _modality=require('./modules/modality');var _modality2=_interopRequireDefault(_modality);","var _NativeModules=require('./modules/NativeModules');var _NativeModules2=_interopRequireDefault(_NativeModules);","var _processColor=require('./modules/processColor');var _processColor2=_interopRequireDefault(_processColor);","var _reactDom=require('react-dom');","","","var _Animated=require('./apis/Animated');var _Animated2=_interopRequireDefault(_Animated);","var _AppRegistry=require('./apis/AppRegistry');var _AppRegistry2=_interopRequireDefault(_AppRegistry);","var _AppState=require('./apis/AppState');var _AppState2=_interopRequireDefault(_AppState);","var _AsyncStorage=require('./apis/AsyncStorage');var _AsyncStorage2=_interopRequireDefault(_AsyncStorage);","var _BackAndroid=require('./apis/BackAndroid');var _BackAndroid2=_interopRequireDefault(_BackAndroid);","var _Clipboard=require('./apis/Clipboard');var _Clipboard2=_interopRequireDefault(_Clipboard);","var _Dimensions=require('./apis/Dimensions');var _Dimensions2=_interopRequireDefault(_Dimensions);","var _Easing=require('animated/lib/Easing');var _Easing2=_interopRequireDefault(_Easing);","var _I18nManager=require('./apis/I18nManager');var _I18nManager2=_interopRequireDefault(_I18nManager);","var _InteractionManager=require('./apis/InteractionManager');var _InteractionManager2=_interopRequireDefault(_InteractionManager);","var _Linking=require('./apis/Linking');var _Linking2=_interopRequireDefault(_Linking);","var _NetInfo=require('./apis/NetInfo');var _NetInfo2=_interopRequireDefault(_NetInfo);","var _PanResponder=require('./apis/PanResponder');var _PanResponder2=_interopRequireDefault(_PanResponder);","var _PixelRatio=require('./apis/PixelRatio');var _PixelRatio2=_interopRequireDefault(_PixelRatio);","var _Platform=require('./apis/Platform');var _Platform2=_interopRequireDefault(_Platform);","var _StyleSheet=require('./apis/StyleSheet');var _StyleSheet2=_interopRequireDefault(_StyleSheet);","var _UIManager=require('./apis/UIManager');var _UIManager2=_interopRequireDefault(_UIManager);","var _Vibration=require('./apis/Vibration');var _Vibration2=_interopRequireDefault(_Vibration);","","","var _ActivityIndicator=require('./components/ActivityIndicator');var _ActivityIndicator2=_interopRequireDefault(_ActivityIndicator);","var _Button=require('./components/Button');var _Button2=_interopRequireDefault(_Button);","var _Image=require('./components/Image');var _Image2=_interopRequireDefault(_Image);","var _ListView=require('./components/ListView');var _ListView2=_interopRequireDefault(_ListView);","var _ProgressBar=require('./components/ProgressBar');var _ProgressBar2=_interopRequireDefault(_ProgressBar);","var _ScrollView=require('./components/ScrollView');var _ScrollView2=_interopRequireDefault(_ScrollView);","var _Switch=require('./components/Switch');var _Switch2=_interopRequireDefault(_Switch);","var _Text=require('./components/Text');var _Text2=_interopRequireDefault(_Text);","var _TextInput=require('./components/TextInput');var _TextInput2=_interopRequireDefault(_TextInput);","var _Touchable=require('./components/Touchable/Touchable');var _Touchable2=_interopRequireDefault(_Touchable);","var _TouchableHighlight=require('./components/Touchable/TouchableHighlight');var _TouchableHighlight2=_interopRequireDefault(_TouchableHighlight);","var _TouchableOpacity=require('./components/Touchable/TouchableOpacity');var _TouchableOpacity2=_interopRequireDefault(_TouchableOpacity);","var _TouchableWithoutFeedback=require('./components/Touchable/TouchableWithoutFeedback');var _TouchableWithoutFeedback2=_interopRequireDefault(_TouchableWithoutFeedback);","var _View=require('./components/View');var _View2=_interopRequireDefault(_View);","","","var _ColorPropType=require('./propTypes/ColorPropType');var _ColorPropType2=_interopRequireDefault(_ColorPropType);","var _EdgeInsetsPropType=require('./propTypes/EdgeInsetsPropType');var _EdgeInsetsPropType2=_interopRequireDefault(_EdgeInsetsPropType);","var _PointPropType=require('./propTypes/PointPropType');var _PointPropType2=_interopRequireDefault(_PointPropType);","var _ViewPropTypes=require('./components/View/ViewPropTypes');var _ViewPropTypes2=_interopRequireDefault(_ViewPropTypes);function _interopRequireDefault(obj){return obj&&obj.__esModule?obj:{default:obj};}","","(0,_modality2.default)();","","var ReactNative={","","findNodeHandle:_findNodeHandle2.default,","render:_reactDom.render,","unmountComponentAtNode:_reactDom.unmountComponentAtNode,","","","createDOMElement:_createDOMElement2.default,","NativeModules:_NativeModules2.default,","processColor:_processColor2.default,","","","Animated:_Animated2.default,","AppRegistry:_AppRegistry2.default,","AppState:_AppState2.default,","AsyncStorage:_AsyncStorage2.default,","BackAndroid:_BackAndroid2.default,","Clipboard:_Clipboard2.default,","Dimensions:_Dimensions2.default,","Easing:_Easing2.default,","I18nManager:_I18nManager2.default,","InteractionManager:_InteractionManager2.default,","Linking:_Linking2.default,","NetInfo:_NetInfo2.default,","PanResponder:_PanResponder2.default,","PixelRatio:_PixelRatio2.default,","Platform:_Platform2.default,","StyleSheet:_StyleSheet2.default,","UIManager:_UIManager2.default,","Vibration:_Vibration2.default,","","","ActivityIndicator:_ActivityIndicator2.default,","Button:_Button2.default,","Image:_Image2.default,","ListView:_ListView2.default,","ProgressBar:_ProgressBar2.default,","ScrollView:_ScrollView2.default,","Switch:_Switch2.default,","Text:_Text2.default,","TextInput:_TextInput2.default,","Touchable:_Touchable2.default,","TouchableHighlight:_TouchableHighlight2.default,","TouchableOpacity:_TouchableOpacity2.default,","TouchableWithoutFeedback:_TouchableWithoutFeedback2.default,","View:_View2.default,","","","ColorPropType:_ColorPropType2.default,","EdgeInsetsPropType:_EdgeInsetsPropType2.default,","PointPropType:_PointPropType2.default,","ViewPropTypes:_ViewPropTypes2.default};","","","module.exports=ReactNative;"],"l":{"1":1,"2":1,"3":1,"4":1,"5":1,"6":1,"9":1,"10":1,"11":1,"12":1,"13":1,"14":1,"15":1,"16":1,"17":1,"18":1,"19":1,"20":1,"21":1,"22":1,"23":1,"24":1,"25":1,"26":1,"29":1,"30":1,"31":1,"32":1,"33":1,"34":1,"35":1,"36":1,"37":1,"38":1,"39":1,"40":1,"41":1,"42":1,"45":1,"46":1,"47":1,"48":41,"50":1,"52":1,"106":1}},"/home/travis/build/npmtest/node-npmtest-react-native-web/node_modules/react-native-web/dist/modules/createDOMElement/index.js":{"path":"/home/travis/build/npmtest/node-npmtest-react-native-web/node_modules/react-native-web/dist/modules/createDOMElement/index.js","s":{"1":1,"2":1,"3":1,"4":1,"5":1,"6":1,"7":1,"8":1,"9":1,"10":1,"11":1,"12":1,"13":5,"14":1,"15":1,"16":1,"17":1,"18":0,"19":0,"20":0,"21":1,"22":0,"23":0,"24":0,"25":0,"26":0,"27":0,"28":1,"29":0,"30":0,"31":0,"32":0,"33":0,"34":0,"35":0,"36":0,"37":0,"38":0,"39":1},"b":{"1":[0,5],"2":[5,5],"3":[0,0],"4":[0,0],"5":[0,0],"6":[0,0],"7":[0,0],"8":[0,0],"9":[0,0],"10":[0,0]},"f":{"1":5,"2":0,"3":0,"4":0,"5":0,"6":0},"fnMap":{"1":{"name":"_interopRequireDefault","line":7,"loc":{"start":{"line":7,"column":105},"end":{"line":7,"column":141}}},"2":{"name":"wrapEventHandler","line":49,"loc":{"start":{"line":49,"column":21},"end":{"line":49,"column":55}}},"3":{"name":"(anonymous_3)","line":49,"loc":{"start":{"line":49,"column":63},"end":{"line":49,"column":74}}},"4":{"name":"getAccessibilityComponent","line":54,"loc":{"start":{"line":54,"column":30},"end":{"line":54,"column":66}}},"5":{"name":"createDOMElement","line":63,"loc":{"start":{"line":63,"column":21},"end":{"line":63,"column":65}}},"6":{"name":"(anonymous_6)","line":68,"loc":{"start":{"line":68,"column":50},"end":{"line":68,"column":65}}}},"statementMap":{"1":{"start":{"line":1,"column":0},"end":{"line":1,"column":41}},"2":{"start":{"line":3,"column":0},"end":{"line":3,"column":49}},"3":{"start":{"line":3,"column":49},"end":{"line":3,"column":110}},"4":{"start":{"line":4,"column":0},"end":{"line":4,"column":61}},"5":{"start":{"line":4,"column":61},"end":{"line":4,"column":134}},"6":{"start":{"line":5,"column":0},"end":{"line":5,"column":61}},"7":{"start":{"line":5,"column":61},"end":{"line":5,"column":134}},"8":{"start":{"line":6,"column":0},"end":{"line":6,"column":28}},"9":{"start":{"line":6,"column":28},"end":{"line":6,"column":71}},"10":{"start":{"line":7,"column":0},"end":{"line":7,"column":56}},"11":{"start":{"line":7,"column":56},"end":{"line":7,"column":105}},"12":{"start":{"line":7,"column":105},"end":{"line":7,"column":188}},"13":{"start":{"line":7,"column":142},"end":{"line":7,"column":187}},"14":{"start":{"line":9,"column":0},"end":{"line":9,"column":19}},"15":{"start":{"line":11,"column":0},"end":{"line":23,"column":18}},"16":{"start":{"line":26,"column":0},"end":{"line":46,"column":26}},"17":{"start":{"line":49,"column":0},"end":{"line":52,"column":4}},"18":{"start":{"line":49,"column":56},"end":{"line":52,"column":2}},"19":{"start":{"line":50,"column":0},"end":{"line":50,"column":64}},"20":{"start":{"line":51,"column":0},"end":{"line":51,"column":18}},"21":{"start":{"line":54,"column":0},"end":{"line":61,"column":2}},"22":{"start":{"line":54,"column":67},"end":{"line":54,"column":147}},"23":{"start":{"line":55,"column":0},"end":{"line":55,"column":51}},"24":{"start":{"line":56,"column":0},"end":{"line":59,"column":1}},"25":{"start":{"line":57,"column":0},"end":{"line":57,"column":33}},"26":{"start":{"line":58,"column":0},"end":{"line":58,"column":16}},"27":{"start":{"line":60,"column":0},"end":{"line":60,"column":28}},"28":{"start":{"line":63,"column":0},"end":{"line":82,"column":2}},"29":{"start":{"line":65,"column":0},"end":{"line":65,"column":62}},"30":{"start":{"line":66,"column":0},"end":{"line":66,"column":48}},"31":{"start":{"line":68,"column":0},"end":{"line":68,"column":110}},"32":{"start":{"line":68,"column":66},"end":{"line":68,"column":107}},"33":{"start":{"line":72,"column":0},"end":{"line":79,"column":1}},"34":{"start":{"line":73,"column":0},"end":{"line":78,"column":1}},"35":{"start":{"line":74,"column":0},"end":{"line":74,"column":69}},"36":{"start":{"line":75,"column":0},"end":{"line":77,"column":1}},"37":{"start":{"line":76,"column":0},"end":{"line":76,"column":38}},"38":{"start":{"line":81,"column":0},"end":{"line":81,"column":57}},"39":{"start":{"line":84,"column":0},"end":{"line":84,"column":32}}},"branchMap":{"1":{"line":7,"type":"cond-expr","locations":[{"start":{"line":7,"column":169},"end":{"line":7,"column":172}},{"start":{"line":7,"column":173},"end":{"line":7,"column":186}}]},"2":{"line":7,"type":"binary-expr","locations":[{"start":{"line":7,"column":149},"end":{"line":7,"column":152}},{"start":{"line":7,"column":154},"end":{"line":7,"column":168}}]},"3":{"line":54,"type":"cond-expr","locations":[{"start":{"line":54,"column":122},"end":{"line":54,"column":134}},{"start":{"line":54,"column":135},"end":{"line":54,"column":146}}]},"4":{"line":54,"type":"binary-expr","locations":[{"start":{"line":54,"column":77},"end":{"line":54,"column":95}},{"start":{"line":54,"column":97},"end":{"line":54,"column":121}}]},"5":{"line":56,"type":"if","locations":[{"start":{"line":56,"column":0},"end":{"line":56,"column":0}},{"start":{"line":56,"column":0},"end":{"line":56,"column":0}}]},"6":{"line":57,"type":"binary-expr","locations":[{"start":{"line":57,"column":10},"end":{"line":57,"column":29}},{"start":{"line":57,"column":31},"end":{"line":57,"column":32}}]},"7":{"line":66,"type":"binary-expr","locations":[{"start":{"line":66,"column":14},"end":{"line":66,"column":36}},{"start":{"line":66,"column":38},"end":{"line":66,"column":47}}]},"8":{"line":73,"type":"if","locations":[{"start":{"line":73,"column":0},"end":{"line":73,"column":0}},{"start":{"line":73,"column":0},"end":{"line":73,"column":0}}]},"9":{"line":74,"type":"binary-expr","locations":[{"start":{"line":74,"column":19},"end":{"line":74,"column":43}},{"start":{"line":74,"column":45},"end":{"line":74,"column":68}}]},"10":{"line":75,"type":"if","locations":[{"start":{"line":75,"column":0},"end":{"line":75,"column":0}},{"start":{"line":75,"column":0},"end":{"line":75,"column":0}}]}},"code":["require('../injectResponderEventPlugin');","","var _createDOMProps=require('../createDOMProps');var _createDOMProps2=_interopRequireDefault(_createDOMProps);","var _getAccessibilityRole=require('../getAccessibilityRole');var _getAccessibilityRole2=_interopRequireDefault(_getAccessibilityRole);","var _normalizeNativeEvent=require('../normalizeNativeEvent');var _normalizeNativeEvent2=_interopRequireDefault(_normalizeNativeEvent);","var _react=require('react');var _react2=_interopRequireDefault(_react);","var _registry=require('../../apis/StyleSheet/registry');var _registry2=_interopRequireDefault(_registry);function _interopRequireDefault(obj){return obj&&obj.__esModule?obj:{default:obj};}","","var emptyObject={};","","var roleComponents={","article:'article',","banner:'header',","button:'button',","complementary:'aside',","contentinfo:'footer',","form:'form',","link:'a',","list:'ul',","listitem:'li',","main:'main',","navigation:'nav',","region:'section'};","","","var eventHandlerNames={","onClick:true,","onClickCapture:true,","onMoveShouldSetResponder:true,","onMoveShouldSetResponderCapture:true,","onResponderGrant:true,","onResponderMove:true,","onResponderReject:true,","onResponderRelease:true,","onResponderTerminate:true,","onResponderTerminationRequest:true,","onStartShouldSetResponder:true,","onStartShouldSetResponderCapture:true,","onTouchCancel:true,","onTouchCancelCapture:true,","onTouchEnd:true,","onTouchEndCapture:true,","onTouchMove:true,","onTouchMoveCapture:true,","onTouchStart:true,","onTouchStartCapture:true};","","","var wrapEventHandler=function wrapEventHandler(handler){return function(e){","e.nativeEvent=(0,_normalizeNativeEvent2.default)(e.nativeEvent);","return handler(e);","};};","","var getAccessibilityComponent=function getAccessibilityComponent(){var props=arguments.length>0&&arguments[0]!==undefined?arguments[0]:emptyObject;","var role=(0,_getAccessibilityRole2.default)(props);","if(role==='heading'){","var level=props['aria-level']||1;","return'h'+level;","}","return roleComponents[role];","};","","var createDOMElement=function createDOMElement(component,rnProps){","","var accessibilityComponent=getAccessibilityComponent(rnProps);","var Component=accessibilityComponent||component;","","var domProps=(0,_createDOMProps2.default)(rnProps,function(style){return _registry2.default.resolve(style);});","","","","for(var prop in domProps){","if(Object.prototype.hasOwnProperty.call(domProps,prop)){","var isEventHandler=typeof prop==='function'&&eventHandlerNames[prop];","if(isEventHandler){","domProps[prop]=wrapEventHandler(prop);","}","}","}","","return _react2.default.createElement(Component,domProps);","};","","module.exports=createDOMElement;"],"l":{"1":1,"3":1,"4":1,"5":1,"6":1,"7":5,"9":1,"11":1,"26":1,"49":1,"50":0,"51":0,"54":1,"55":0,"56":0,"57":0,"58":0,"60":0,"63":1,"65":0,"66":0,"68":0,"72":0,"73":0,"74":0,"75":0,"76":0,"81":0,"84":1}},"/home/travis/build/npmtest/node-npmtest-react-native-web/node_modules/react-native-web/dist/modules/injectResponderEventPlugin.js":{"path":"/home/travis/build/npmtest/node-npmtest-react-native-web/node_modules/react-native-web/dist/modules/injectResponderEventPlugin.js","s":{"1":1,"2":1,"3":1,"4":1,"5":1,"6":1,"7":1,"8":1,"9":1,"10":4,"11":1,"12":1,"13":1,"14":1,"15":1,"16":1,"17":1,"18":1,"19":1,"20":1,"21":1,"22":1,"23":1,"24":1,"25":1,"26":1,"27":1,"28":1,"29":1,"30":1,"31":1,"32":1,"33":1,"34":1,"35":1,"36":1,"37":0,"38":0,"39":0,"40":0,"41":1},"b":{"1":[0,4],"2":[4,4],"3":[0,0],"4":[0,0]},"f":{"1":4,"2":0},"fnMap":{"1":{"name":"_interopRequireDefault","line":6,"loc":{"start":{"line":6,"column":169},"end":{"line":6,"column":205}}},"2":{"name":"(anonymous_2)","line":42,"loc":{"start":{"line":42,"column":54},"end":{"line":42,"column":88}}}},"statementMap":{"1":{"start":{"line":3,"column":0},"end":{"line":3,"column":70}},"2":{"start":{"line":3,"column":70},"end":{"line":3,"column":141}},"3":{"start":{"line":4,"column":0},"end":{"line":4,"column":60}},"4":{"start":{"line":4,"column":60},"end":{"line":4,"column":133}},"5":{"start":{"line":5,"column":0},"end":{"line":5,"column":72}},"6":{"start":{"line":5,"column":72},"end":{"line":5,"column":145}},"7":{"start":{"line":6,"column":0},"end":{"line":6,"column":84}},"8":{"start":{"line":6,"column":84},"end":{"line":6,"column":169}},"9":{"start":{"line":6,"column":169},"end":{"line":6,"column":252}},"10":{"start":{"line":6,"column":206},"end":{"line":6,"column":251}},"11":{"start":{"line":8,"column":0},"end":{"line":8,"column":32}},"12":{"start":{"line":9,"column":0},"end":{"line":9,"column":32}},"13":{"start":{"line":10,"column":0},"end":{"line":10,"column":28}},"14":{"start":{"line":11,"column":0},"end":{"line":11,"column":26}},"15":{"start":{"line":12,"column":0},"end":{"line":12,"column":44}},"16":{"start":{"line":13,"column":0},"end":{"line":13,"column":36}},"17":{"start":{"line":14,"column":0},"end":{"line":14,"column":30}},"18":{"start":{"line":15,"column":0},"end":{"line":15,"column":32}},"19":{"start":{"line":16,"column":0},"end":{"line":16,"column":34}},"20":{"start":{"line":18,"column":0},"end":{"line":18,"column":60}},"21":{"start":{"line":19,"column":0},"end":{"line":19,"column":49}},"22":{"start":{"line":20,"column":0},"end":{"line":20,"column":51}},"23":{"start":{"line":25,"column":0},"end":{"line":25,"column":86}},"24":{"start":{"line":26,"column":0},"end":{"line":26,"column":84}},"25":{"start":{"line":27,"column":0},"end":{"line":27,"column":88}},"26":{"start":{"line":28,"column":0},"end":{"line":28,"column":88}},"27":{"start":{"line":29,"column":0},"end":{"line":29,"column":86}},"28":{"start":{"line":30,"column":0},"end":{"line":30,"column":73}},"29":{"start":{"line":31,"column":0},"end":{"line":31,"column":74}},"30":{"start":{"line":32,"column":0},"end":{"line":32,"column":77}},"31":{"start":{"line":33,"column":0},"end":{"line":33,"column":95}},"32":{"start":{"line":34,"column":0},"end":{"line":35,"column":20}},"33":{"start":{"line":37,"column":0},"end":{"line":37,"column":92}},"34":{"start":{"line":38,"column":0},"end":{"line":38,"column":97}},"35":{"start":{"line":40,"column":0},"end":{"line":40,"column":83}},"36":{"start":{"line":42,"column":0},"end":{"line":50,"column":2}},"37":{"start":{"line":44,"column":0},"end":{"line":46,"column":1}},"38":{"start":{"line":45,"column":0},"end":{"line":45,"column":7}},"39":{"start":{"line":48,"column":0},"end":{"line":48,"column":68}},"40":{"start":{"line":49,"column":0},"end":{"line":49,"column":97}},"41":{"start":{"line":52,"column":0},"end":{"line":53,"column":54}}},"branchMap":{"1":{"line":6,"type":"cond-expr","locations":[{"start":{"line":6,"column":233},"end":{"line":6,"column":236}},{"start":{"line":6,"column":237},"end":{"line":6,"column":250}}]},"2":{"line":6,"type":"binary-expr","locations":[{"start":{"line":6,"column":213},"end":{"line":6,"column":216}},{"start":{"line":6,"column":218},"end":{"line":6,"column":232}}]},"3":{"line":44,"type":"if","locations":[{"start":{"line":44,"column":0},"end":{"line":44,"column":0}},{"start":{"line":44,"column":0},"end":{"line":44,"column":0}}]},"4":{"line":44,"type":"binary-expr","locations":[{"start":{"line":44,"column":3},"end":{"line":44,"column":30}},{"start":{"line":44,"column":32},"end":{"line":44,"column":99}}]}},"code":["","","var _EventPluginRegistry=require('react-dom/lib/EventPluginRegistry');var _EventPluginRegistry2=_interopRequireDefault(_EventPluginRegistry);","var _normalizeNativeEvent=require('./normalizeNativeEvent');var _normalizeNativeEvent2=_interopRequireDefault(_normalizeNativeEvent);","var _ResponderEventPlugin=require('react-dom/lib/ResponderEventPlugin');var _ResponderEventPlugin2=_interopRequireDefault(_ResponderEventPlugin);","var _ResponderTouchHistoryStore=require('react-dom/lib/ResponderTouchHistoryStore');var _ResponderTouchHistoryStore2=_interopRequireDefault(_ResponderTouchHistoryStore);function _interopRequireDefault(obj){return obj&&obj.__esModule?obj:{default:obj};}","","var topMouseDown='topMouseDown';","var topMouseMove='topMouseMove';","var topMouseUp='topMouseUp';","var topScroll='topScroll';","var topSelectionChange='topSelectionChange';","var topTouchCancel='topTouchCancel';","var topTouchEnd='topTouchEnd';","var topTouchMove='topTouchMove';","var topTouchStart='topTouchStart';","","var endDependencies=[topTouchCancel,topTouchEnd,topMouseUp];","var moveDependencies=[topTouchMove,topMouseMove];","var startDependencies=[topTouchStart,topMouseDown];","","","","","_ResponderEventPlugin2.default.eventTypes.responderMove.dependencies=moveDependencies;","_ResponderEventPlugin2.default.eventTypes.responderEnd.dependencies=endDependencies;","_ResponderEventPlugin2.default.eventTypes.responderStart.dependencies=startDependencies;","_ResponderEventPlugin2.default.eventTypes.responderRelease.dependencies=endDependencies;","_ResponderEventPlugin2.default.eventTypes.responderTerminationRequest.dependencies=[];","_ResponderEventPlugin2.default.eventTypes.responderGrant.dependencies=[];","_ResponderEventPlugin2.default.eventTypes.responderReject.dependencies=[];","_ResponderEventPlugin2.default.eventTypes.responderTerminate.dependencies=[];","_ResponderEventPlugin2.default.eventTypes.moveShouldSetResponder.dependencies=moveDependencies;","_ResponderEventPlugin2.default.eventTypes.selectionChangeShouldSetResponder.dependencies=[","topSelectionChange];","","_ResponderEventPlugin2.default.eventTypes.scrollShouldSetResponder.dependencies=[topScroll];","_ResponderEventPlugin2.default.eventTypes.startShouldSetResponder.dependencies=startDependencies;","","var originalRecordTouchTrack=_ResponderTouchHistoryStore2.default.recordTouchTrack;","","_ResponderTouchHistoryStore2.default.recordTouchTrack=function(topLevelType,nativeEvent){","","if(topLevelType===topMouseMove&&!_ResponderTouchHistoryStore2.default.touchHistory.touchBank.length){","return;","}","","var normalizedEvent=(0,_normalizeNativeEvent2.default)(nativeEvent);","originalRecordTouchTrack.call(_ResponderTouchHistoryStore2.default,topLevelType,normalizedEvent);","};","","_EventPluginRegistry2.default.injectEve
[...]
:0},"end":{"line":17,"column":59}},"18":{"start":{"line":18,"column":0},"end":{"line":18,"column":67}},"19":{"start":{"line":19,"column":0},"end":{"line":19,"column":27}},"20":{"start":{"line":20,"column":0},"end":{"line":20,"column":48}},"21":{"start":{"line":21,"column":0},"end":{"line":21,"column":69}},"22":{"start":{"line":22,"column":0},"end":{"line":22,"column":44}},"23":{"start":{"line":23,"column":0},"end":{"line":23,"column":37}},"24":{"start":{"line":24,"column":0},"end":{"line":24,"column":67}},"25":{"start":{"line":25,"column":0},"end":{"line":25,"column":28}},"26":{"start":{"line":26,"column":0},"end":{"line":26,"column":61}},"27":{"start":{"line":28,"column":0},"end":{"line":28,"column":65}},"28":{"start":{"line":29,"column":0},"end":{"line":29,"column":67}},"29":{"start":{"line":33,"column":0},"end":{"line":35,"column":23}},"30":{"start":{"line":38,"column":0},"end":{"line":38,"column":63}},"31":{"start":{"line":67,"column":0},"end":{"line":279,"column":4}},"32":{"start":{"line":93,"column":43},"end":{"line":93,"column":64}},"33":{"start":{"line":96,"column":60},"end":{"line":97,"column":86}},"34":{"start":{"line":98,"column":0},"end":{"line":109,"column":59}},"35":{"start":{"line":114,"column":0},"end":{"line":116,"column":40}},"36":{"start":{"line":121,"column":0},"end":{"line":121,"column":37}},"37":{"start":{"line":122,"column":0},"end":{"line":122,"column":46}},"38":{"start":{"line":126,"column":0},"end":{"line":126,"column":46}},"39":{"start":{"line":130,"column":0},"end":{"line":130,"column":36}},"40":{"start":{"line":131,"column":0},"end":{"line":137,"column":1}},"41":{"start":{"line":136,"column":0},"end":{"line":136,"column":53}},"42":{"start":{"line":150,"column":0},"end":{"line":150,"column":37}},"43":{"start":{"line":151,"column":0},"end":{"line":151,"column":23}},"44":{"start":{"line":152,"column":0},"end":{"line":152,"column":21}},"45":{"start":{"line":153,"column":0},"end":{"line":153,"column":46}},"46":{"start":{"line":157,"column":0},"end":{"line":159,"column":1}},"47":{"start":{"line":158,"column":0},"end":{"line":158,"column":21}},"48":{"start":{"line":160,"column":0},"end":{"line":160,"column":48}},"49":{"start":{"line":164,"column":0},"end":{"line":164,"column":37}},"50":{"start":{"line":165,"column":0},"end":{"line":165,"column":21}},"51":{"start":{"line":166,"column":0},"end":{"line":166,"column":84}},"52":{"start":{"line":167,"column":0},"end":{"line":167,"column":42}},"53":{"start":{"line":171,"column":0},"end":{"line":171,"column":50}},"54":{"start":{"line":175,"column":0},"end":{"line":175,"column":63}},"55":{"start":{"line":179,"column":0},"end":{"line":179,"column":26}},"56":{"start":{"line":183,"column":0},"end":{"line":183,"column":31}},"57":{"start":{"line":187,"column":0},"end":{"line":187,"column":33}},"58":{"start":{"line":191,"column":0},"end":{"line":191,"column":32}},"59":{"start":{"line":195,"column":0},"end":{"line":197,"column":1}},"60":{"start":{"line":196,"column":0},"end":{"line":196,"column":7}},"61":{"start":{"line":199,"column":0},"end":{"line":199,"column":71}},"62":{"start":{"line":200,"column":0},"end":{"line":200,"column":60}},"63":{"start":{"line":201,"column":0},"end":{"line":201,"column":55}},"64":{"start":{"line":205,"column":0},"end":{"line":205,"column":37}},"65":{"start":{"line":206,"column":0},"end":{"line":206,"column":23}},"66":{"start":{"line":207,"column":0},"end":{"line":214,"column":1}},"67":{"start":{"line":208,"column":0},"end":{"line":208,"column":58}},"68":{"start":{"line":209,"column":0},"end":{"line":211,"column":34}},"69":{"start":{"line":213,"column":0},"end":{"line":213,"column":55}},"70":{"start":{"line":218,"column":0},"end":{"line":221,"column":24}},"71":{"start":{"line":225,"column":0},"end":{"line":225,"column":13}},"72":{"start":{"line":226,"column":0},"end":{"line":228,"column":1}},"73":{"start":{"line":227,"column":0},"end":{"line":227,"column":22}},"74":{"start":{"line":231,"column":25},"end":{"line":231,"column":40}},"75":{"start":{"line":231,"column":40},"end":{"line":249,"column":682}},"76":{"start":{"line":251,"column":0},"end":{"line":276,"column":72}},"77":{"start":{"line":255,"column":0},"end":{"line":255,"column":56}},"78":{"start":{"line":258,"column":0},"end":{"line":258,"column":48}},"79":{"start":{"line":261,"column":0},"end":{"line":261,"column":57}},"80":{"start":{"line":282,"column":0},"end":{"line":282,"column":25}},"81":{"start":{"line":283,"column":0},"end":{"line":283,"column":31}},"82":{"start":{"line":285,"column":0},"end":{"line":286,"column":46}},"83":{"start":{"line":288,"column":0},"end":{"line":289,"column":64}},"84":{"start":{"line":292,"column":0},"end":{"line":298,"column":20}},"85":{"start":{"line":302,"column":0},"end":{"line":302,"column":34}}},"branchMap":{"1":{"line":13,"type":"binary-expr","locations":[{"start":{"line":13,"column":26},"end":{"line":13,"column":39}},{"start":{"line":13,"column":41},"end":{"line":13,"column":236}}]},"2":{"line":13,"type":"if","locations":[{"start":{"line":13,"column":141},"end":{"line":13,"column":141}},{"start":{"line":13,"column":141},"end":{"line":13,"column":141}}]},"3":{"line":13,"type":"if","locations":[{"start":{"line":13,"column":313},"end":{"line":13,"column":313}},{"start":{"line":13,"column":313},"end":{"line":13,"column":313}}]},"4":{"line":13,"type":"if","locations":[{"start":{"line":13,"column":344},"end":{"line":13,"column":344}},{"start":{"line":13,"column":344},"end":{"line":13,"column":344}}]},"5":{"line":131,"type":"if","locations":[{"start":{"line":131,"column":0},"end":{"line":131,"column":0}},{"start":{"line":131,"column":0},"end":{"line":131,"column":0}}]},"6":{"line":132,"type":"binary-expr","locations":[{"start":{"line":132,"column":0},"end":{"line":132,"column":50}},{"start":{"line":133,"column":0},"end":{"line":133,"column":50}},{"start":{"line":134,"column":0},"end":{"line":134,"column":34}}]},"7":{"line":153,"type":"binary-expr","locations":[{"start":{"line":153,"column":0},"end":{"line":153,"column":20}},{"start":{"line":153,"column":22},"end":{"line":153,"column":45}}]},"8":{"line":157,"type":"if","locations":[{"start":{"line":157,"column":0},"end":{"line":157,"column":0}},{"start":{"line":157,"column":0},"end":{"line":157,"column":0}}]},"9":{"line":160,"type":"binary-expr","locations":[{"start":{"line":160,"column":0},"end":{"line":160,"column":21}},{"start":{"line":160,"column":23},"end":{"line":160,"column":47}}]},"10":{"line":166,"type":"binary-expr","locations":[{"start":{"line":166,"column":53},"end":{"line":166,"column":77}},{"start":{"line":166,"column":79},"end":{"line":166,"column":82}}]},"11":{"line":167,"type":"binary-expr","locations":[{"start":{"line":167,"column":0},"end":{"line":167,"column":18}},{"start":{"line":167,"column":20},"end":{"line":167,"column":41}}]},"12":{"line":171,"type":"binary-expr","locations":[{"start":{"line":171,"column":0},"end":{"line":171,"column":22}},{"start":{"line":171,"column":24},"end":{"line":171,"column":49}}]},"13":{"line":175,"type":"binary-expr","locations":[{"start":{"line":175,"column":7},"end":{"line":175,"column":38}},{"start":{"line":175,"column":40},"end":{"line":175,"column":62}}]},"14":{"line":195,"type":"if","locations":[{"start":{"line":195,"column":0},"end":{"line":195,"column":0}},{"start":{"line":195,"column":0},"end":{"line":195,"column":0}}]},"15":{"line":195,"type":"binary-expr","locations":[{"start":{"line":195,"column":3},"end":{"line":195,"column":20}},{"start":{"line":195,"column":22},"end":{"line":195,"column":46}}]},"16":{"line":201,"type":"binary-expr","locations":[{"start":{"line":201,"column":0},"end":{"line":201,"column":25}},{"start":{"line":201,"column":27},"end":{"line":201,"column":54}}]},"17":{"line":207,"type":"if","locations":[{"start":{"line":207,"column":0},"end":{"line":207,"column":0}},{"start":{"line":207,"column":0},"end":{"line":207,"column":0}}]},"18":{"line":207,"type":"binary-expr","locations":[{"start":{"line":207,"column":3},"end":{"line":207,"column":26}},{"start":{"line":207,"column":28},"end":{"line":207,"column":51}}]},"19":{"line":213,"type":"binary-expr","locations":[{"start":{"line":213,"column":0},"end":{"line":213,"column":25}},{"start":{"line":213,"column":27},"end":{"line":213,"column":54}}]},"20":{"line":218,"type":"binary-expr","locations":[{"start":{"line":218,"column":9},"end":{"line":218,"column":27}},{"start":{"line":219,"column":0},"end":{"line":219,"column":20}},{"start":{"line":220,"column":0},"end":{"line":220,"column":21}},{"start":{"line":221,"column":0},"end":{"line":221,"column":22}}]},"21":{"line":226,"type":"if","locations":[{"start":{"line":226,"column":0},"end":{"line":226,"column":0}},{"start":{"line":226,"column":0},"end":{"line":226,"column":0}}]},"22":{"line":226,"type":"cond-expr","locations":[{"start":{"line":226,"column":24},"end":{"line":226,"column":34}},{"start":{"line":226,"column":35},"end":{"line":226,"column":44}}]},"23":{"line":227,"type":"binary-expr","locations":[{"start":{"line":227,"column":0},"end":{"line":227,"column":8}},{"start":{"line":227,"column":10},"end":{"line":227,"column":21}}]},"24":{"line":270,"type":"binary-expr","locations":[{"start":{"line":270,"column":19},"end":{"line":270,"column":38}},{"start":{"line":270,"column":40},"end":{"line":270,"column":55}}]},"25":{"line":271,"type":"cond-expr","locations":[{"start":{"line":271,"column":29},"end":{"line":271,"column":33}},{"start":{"line":271,"column":34},"end":{"line":271,"column":37}}]}},"code":["","","","","","","","","","","","","'use strict';var _extends=Object.assign||function(target){for(var i=1;i<arguments.length;i++){var source=arguments[i];for(var key in source){if(Object.prototype.hasOwnProperty.call(source,key)){target[key]=source[key];}}}return target;};function _objectWithoutProperties(obj,keys){var target={};for(var i in obj){if(keys.indexOf(i)>=0)continue;if(!Object.prototype.hasOwnProperty.call(obj,i))continue;target[i]=obj[i];}return target;}","","","","var ColorPropType=require('../../propTypes/ColorPropType');","var NativeMethodsMixin=require('../../modules/NativeMethodsMixin');","var React=require('react');","var StyleSheet=require('../../apis/StyleSheet');","var StyleSheetPropType=require('../../propTypes/StyleSheetPropType');","var TimerMixin=require('react-timer-mixin');","var Touchable=require('./Touchable');","var TouchableWithoutFeedback=require('./TouchableWithoutFeedback');","var View=require('../View');","var ViewStylePropTypes=require('../View/ViewStylePropTypes');","","var ensureComponentIsNative=require('./ensureComponentIsNative');","var ensurePositiveDelayProps=require('./ensurePositiveDelayProps');","","","","var DEFAULT_PROPS={","activeOpacity:0.85,","underlayColor:'black'};","","","var PRESS_RETENTION_OFFSET={top:20,left:20,right:20,bottom:30};","","","","","","","","","","","","","","","","","","","","","","","","","","","","","var TouchableHighlight=React.createClass({displayName:'TouchableHighlight',","propTypes:_extends({},","TouchableWithoutFeedback.propTypes,{","","","","","activeOpacity:React.PropTypes.number,","","","","","underlayColor:ColorPropType,","style:StyleSheetPropType(ViewStylePropTypes),","","","","onShowUnderlay:React.PropTypes.func,","","","","onHideUnderlay:React.PropTypes.func}),","","","mixins:[NativeMethodsMixin,TimerMixin,Touchable.Mixin],","","getDefaultProps:function getDefaultProps(){return DEFAULT_PROPS;},","","","computeSyntheticState:function computeSyntheticState(props){var","activeOpacity=props.activeOpacity,style=props.style,underlayColor=props.underlayColor;","return{","activeProps:{","style:{","opacity:activeOpacity}},","","","activeUnderlayProps:{","style:{","backgroundColor:underlayColor}},","","","underlayStyle:[INACTIVE_UNDERLAY_PROPS.style,props.style]};","","},","","getInitialState:function getInitialState(){","return _extends({},","this.touchableGetInitialState(),","this.computeSyntheticState(this.props));","","},","","componentDidMount:function componentDidMount(){","ensurePositiveDelayProps(this.props);","ensureComponentIsNative(this.refs[CHILD_REF]);","},","","componentDidUpdate:function componentDidUpdate(){","ensureComponentIsNative(this.refs[CHILD_REF]);","},","","componentWillReceiveProps:function componentWillReceiveProps(nextProps){","ensurePositiveDelayProps(nextProps);","if(","nextProps.activeOpacity!==this.props.activeOpacity||","nextProps.underlayColor!==this.props.underlayColor||","nextProps.style!==this.props.style)","{","this.setState(this.computeSyntheticState(nextProps));","}","},","","","","","","","","","","","touchableHandleActivePressIn:function touchableHandleActivePressIn(e){","this.clearTimeout(this._hideTimeout);","this._hideTimeout=null;","this._showUnderlay();","this.props.onPressIn&&this.props.onPressIn(e);","},","","touchableHandleActivePressOut:function touchableHandleActivePressOut(e){","if(!this._hideTimeout){","this._hideUnderlay();","}","this.props.onPressOut&&this.props.onPressOut(e);","},","","touchableHandlePress:function touchableHandlePress(e){","this.clearTimeout(this._hideTimeout);","this._showUnderlay();","this._hideTimeout=this.setTimeout(this._hideUnderlay,this.props.delayPressOut||100);","this.props.onPress&&this.props.onPress(e);","},","","touchableHandleLongPress:function touchableHandleLongPress(e){","this.props.onLongPress&&this.props.onLongPress(e);","},","","touchableGetPressRectOffset:function touchableGetPressRectOffset(){","return this.props.pressRetentionOffset||PRESS_RETENTION_OFFSET;","},","","touchableGetHitSlop:function touchableGetHitSlop(){","return this.props.hitSlop;","},","","touchableGetHighlightDelayMS:function touchableGetHighlightDelayMS(){","return this.props.delayPressIn;","},","","touchableGetLongPressDelayMS:function touchableGetLongPressDelayMS(){","return this.props.delayLongPress;","},","","touchableGetPressOutDelayMS:function touchableGetPressOutDelayMS(){","return this.props.delayPressOut;","},","","_showUnderlay:function _showUnderlay(){","if(!this.isMounted()||!this._hasPressHandler()){","return;","}","","this.refs[UNDERLAY_REF].setNativeProps(this.state.activeUnderlayProps);","this.refs[CHILD_REF].setNativeProps(this.state.activeProps);","this.props.onShowUnderlay&&this.props.onShowUnderlay();","},","","_hideUnderlay:function _hideUnderlay(){","this.clearTimeout(this._hideTimeout);","this._hideTimeout=null;","if(this._hasPressHandler()&&this.refs[UNDERLAY_REF]){","this.refs[CHILD_REF].setNativeProps(INACTIVE_CHILD_PROPS);","this.refs[UNDERLAY_REF].setNativeProps(_extends({},","INACTIVE_UNDERLAY_PROPS,{","style:this.state.underlayStyle}));","","this.props.onHideUnderlay&&this.props.onHideUnderlay();","}","},","","_hasPressHandler:function _hasPressHandler(){","return!!(this.props.onPress||","this.props.onPressIn||","this.props.onPressOut||","this.props.onLongPress);","},","","_onKeyEnter:function _onKeyEnter(e,callback){","var ENTER=13;","if((e.type==='keypress'?e.charCode:e.keyCode)===ENTER){","callback&&callback(e);","}","},","","render:function render(){var _this=this;var _props=","","","","","","","","","","","","","","","","","","this.props,children=_props.children,activeOpacity=_props.activeOpacity,onHideUnderlay=_props.onHideUnderlay,onShowUnderlay=_props.onShowUnderlay,underlayColor=_props.underlayColor,delayLongPress=_props.delayLongPress,delayPressIn=_props.delayPressIn,delayPressOut=_props.delayPressOut,onLongPress=_props.onLongPress,onPress=_props.onPress,onPressIn=_props.onPressIn,onPressOut=_props.onPressOut,pressRetentionOffset=_props.pressRetentionOffset,other=_objectWithoutProperties(_props,['children','activeOpacity','onHideUnderlay','onShowUnderlay','underlayColor','delayLongPress','delayPressIn','delayPressOut','onLongPress','onPress','onPressIn','onPressOut','pressRetentionOffset']);","","return(","React.createElement(View,_extends({},","other,{","onKeyDown:function onKeyDown(e){","_this._onKeyEnter(e,_this.touchableHandleActivePressIn);","},","onKeyPress:function onKeyPress(e){","_this._onKeyEnter(e,_this.touchableHandlePress);","},","onKeyUp:function onKeyUp(e){","_this._onKeyEnter(e,_this.touchableHandleActivePressOut);","},","onStartShouldSetResponder:this.touchableHandleStartShouldSetResponder,","onResponderTerminationRequest:this.touchableHandleResponderTerminationRequest,","onResponderGrant:this.touchableHandleResponderGrant,","onResponderMove:this.touchableHandleResponderMove,","onResponderRelease:this.touchableHandleResponderRelease,","onResponderTerminate:this.touchableHandleResponderTerminate,","ref:UNDERLAY_REF,","style:[styles.root,this.props.disabled&&styles.disabled,this.state.underlayStyle],","tabIndex:this.props.disabled?null:'0'}),","","React.cloneElement(React.Children.only(children),{","ref:CHILD_REF}),","","Touchable.renderDebugView({color:'green',hitSlop:this.props.hitSlop})));","","","}});","","","var CHILD_REF='childRef';","var UNDERLAY_REF='underlayRef';","","var INACTIVE_CHILD_PROPS={","style:StyleSheet.create({x:{opacity:1.0}}).x};","","var INACTIVE_UNDERLAY_PROPS={","style:StyleSheet.create({x:{backgroundColor:'transparent'}}).x};","","","var styles=StyleSheet.create({","root:{","cursor:'pointer',","userSelect:'none'},","","disabled:{","cursor:'default'}});","","","","module.exports=TouchableHighlight;"],"l":{"13":1,"17":1,"18":1,"19":1,"20":1,"21":1,"22":1,"23":1,"24":1,"25":1,"26":1,"28":1,"29":1,"33":1,"38":1,"67":1,"93":1,"96":0,"98":0,"114":0,"121":0,"122":0,"126":0,"130":0,"131":0,"136":0,"150":0,"151":0,"152":0,"153":0,"157":0,"158":0,"160":0,"164":0,"165":0,"166":0,"167":0,"171":0,"175":0,"179":0,"183":0,"187":0,"191":0,"195":0,"196":0,"199":0,"200":0,"201":0,"205":0,"206":0,"207":0,"208":0,"209":0,"213":0,"218":0,"225":0,"226":0,"227":0,"231":0,"251":0,"255":0,"258":0,"261":0,"282":1,"283":1,"285":1,"288":1,"292":1,"302":1}},"/home/travis/build/npmtest/node-npmtest-react-native-web/node_modules/react-native-web/dist/components/Touchable/ensureComponentIsNative.js":{"path":"/home/travis/build/npmtest/node-npmtest-react-native-web/node_modules/react-native-web/dist/components/Touchable/ensureComponentIsNative.js","s":{"1":1,"2":1,"3":0,"4":1},"b":{"1":[0,0]},"f":{"1":0},"fnMap":{"1":{"name":"ensureComponentIsNative","line":17,"loc":{"start":{"line":17,"column":28},"end":{"line":17,"column":71}}}},"statementMap":{"1":{"start":{"line":15,"column":0},"end":{"line":15,"column":44}},"2":{"start":{"line":17,"column":0},"end":{"line":22,"column":2}},"3":{"start":{"line":18,"column":0},"end":{"line":20,"column":92}},"4":{"start":{"line":24,"column":0},"end":{"line":24,"column":39}}},"branchMap":{"1":{"line":19,"type":"binary-expr","locations":[{"start":{"line":19,"column":0},"end":{"line":19,"column":9}},{"start":{"line":19,"column":11},"end":{"line":19,"column":55}}]}},"code":["","","","","","","","","","","","","'use strict';","","var invariant=require('fbjs/lib/invariant');","","var ensureComponentIsNative=function ensureComponentIsNative(component){","invariant(","component&&typeof component.setNativeProps==='function',","'Touchable child must either be native or forward setNativeProps to a '+'native component');","","};","","module.exports=ensureComponentIsNative;"],"l":{"15":1,"17":1,"18":0,"24":1}},"/home/travis/build/npmtest/node-npmtest-react-native-web/node_modules/react-native-web/dist/propTypes/PointPropType.js":{"path":"/home/travis/build/npmtest/node-npmtest-react-native-web/node_modules/react-native-web/dist/propTypes/PointPropType.js","s":{"1":1,"2":1,"3":1},"b":{},"f":{},"fnMap":{},"statementMap":{"1":{"start":{"line":15,"column":0},"end":{"line":15,"column":41}},"2":{"start":{"line":17,"column":0},"end":{"line":19,"column":21}},"3":{"start":{"line":22,"column":0},"end":{"line":22,"column":29}}},"branchMap":{},"code":["","","","","","","","","","","","","'use strict';","","var PropTypes=require('react').PropTypes;","","var PointPropType=require('./createStrictShapeTypeChecker')({","x:PropTypes.number,","y:PropTypes.number});","","","module.exports=PointPropType;"],"l":{"15":1,"17":1,"22":1}}}